
===== Initialization started at Thu Oct 16 04:51:17 AM EDT 2025 =====

[+] Running with root privileges.
[*] Script executed by: kali
[*] Activating virtual environment...
[+] MySQL client found.
[+] MySQL service is running.
[*] Running SQL setup from setup.sql ...
--------------
CREATE TABLE ProjectDB (
    ID INT PRIMARY KEY AUTO_INCREMENT,
    startTime DATETIME NOT NULL,
    stopTime DATETIME,
    projectType VARCHAR(20) CHECK (projectType IN ('sniff_external', 'sniff_internal', 'heatmap'))
)
--------------

ERROR 1050 (42S01) at line 14: Table 'ProjectDB' already exists

[*] Checking network interfaces...
1: lo: <LOOPBACK,UP,LOWER_UP> mtu 65536 qdisc noqueue state UNKNOWN mode DEFAULT group default qlen 1000
    link/loopback 00:00:00:00:00:00 brd 00:00:00:00:00:00
2: eth0: <BROADCAST,MULTICAST,UP,LOWER_UP> mtu 1500 qdisc fq_codel state UP mode DEFAULT group default qlen 1000
    link/ether 00:0c:29:7b:e9:c4 brd ff:ff:ff:ff:ff:ff
3: br-6beb009876a7: <NO-CARRIER,BROADCAST,MULTICAST,UP> mtu 1500 qdisc noqueue state DOWN mode DEFAULT group default 
    link/ether 02:42:21:18:44:c6 brd ff:ff:ff:ff:ff:ff
4: docker0: <NO-CARRIER,BROADCAST,MULTICAST,UP> mtu 1500 qdisc noqueue state DOWN mode DEFAULT group default 
    link/ether 02:42:d6:44:ed:a8 brd ff:ff:ff:ff:ff:ff
5: br-034f3551f963: <NO-CARRIER,BROADCAST,MULTICAST,UP> mtu 1500 qdisc noqueue state DOWN mode DEFAULT group default 
    link/ether 02:42:3f:1a:b6:68 brd ff:ff:ff:ff:ff:ff
6: br-22f1c1128960: <NO-CARRIER,BROADCAST,MULTICAST,UP> mtu 1500 qdisc noqueue state DOWN mode DEFAULT group default 
    link/ether 02:42:6d:b0:77:c1 brd ff:ff:ff:ff:ff:ff
7: br-6ac09050e671: <NO-CARRIER,BROADCAST,MULTICAST,UP> mtu 1500 qdisc noqueue state DOWN mode DEFAULT group default 
    link/ether 02:42:f3:b5:f0:24 brd ff:ff:ff:ff:ff:ff
13: wlan0: <NO-CARRIER,BROADCAST,MULTICAST,UP> mtu 1500 qdisc noqueue state DOWN mode DORMANT group default qlen 1000
    link/ether 0a:ff:65:3e:72:77 brd ff:ff:ff:ff:ff:ff permaddr 8c:55:2b:40:57:9a

[*] Checking monitor mode interfaces...
wlan0     IEEE 802.11  ESSID:off/any  

[*] Active Wi-Fi connections:
IN-USE  BSSID              SSID               MODE   CHAN  RATE        SIGNAL  BARS  SECURITY    
        9C:1C:12:86:71:52  UTS-Guest          Infra  52    195 Mbit/s  94      ▂▄▆█  --          
        9C:1C:12:86:71:56  UTS-DeviceNet      Infra  52    195 Mbit/s  92      ▂▄▆█  --          
        9C:1C:12:86:71:46  UTS-DeviceNet      Infra  11    195 Mbit/s  87      ▂▄▆█  --          
        9C:1C:12:86:71:32  UTS-Guest          Infra  56    195 Mbit/s  80      ▂▄▆_  --          
        9C:1C:12:86:7F:E3  UTS-Guest          Infra  1     195 Mbit/s  77      ▂▄▆_  --          
        9C:1C:12:86:70:76  UTS-DeviceNet      Infra  157   195 Mbit/s  75      ▂▄▆_  --          
        9C:1C:12:86:71:36  UTS-DeviceNet      Infra  56    195 Mbit/s  72      ▂▄▆_  --          
        9C:1C:12:86:71:22  UTS-Guest          Infra  6     195 Mbit/s  70      ▂▄▆_  --          
        9C:1C:12:86:55:D2  UTS-Guest          Infra  40    195 Mbit/s  70      ▂▄▆_  --          
        9C:1C:12:86:71:26  UTS-DeviceNet      Infra  6     195 Mbit/s  67      ▂▄▆_  --          
        9C:1C:12:86:7F:F3  UTS-Guest          Infra  108   195 Mbit/s  67      ▂▄▆_  --          
        9C:1C:12:86:7F:F6  UTS-DeviceNet      Infra  108   195 Mbit/s  67      ▂▄▆_  --          
        9C:1C:12:86:55:D6  UTS-DeviceNet      Infra  40    195 Mbit/s  64      ▂▄▆_  --          
        9C:1C:12:86:7B:52  UTS-Guest          Infra  112   195 Mbit/s  64      ▂▄▆_  --          
        9C:1C:12:86:70:73  UTS-Guest          Infra  157   195 Mbit/s  64      ▂▄▆_  --          
        9C:1C:12:86:72:12  UTS-Guest          Infra  165   195 Mbit/s  64      ▂▄▆_  --          
        9C:1C:12:86:56:36  UTS-DeviceNet      Infra  100   195 Mbit/s  62      ▂▄▆_  --          
        9C:1C:12:86:7B:56  UTS-DeviceNet      Infra  112   195 Mbit/s  62      ▂▄▆_  --          
        9C:1C:12:86:86:B2  UTS-Guest          Infra  116   195 Mbit/s  62      ▂▄▆_  --          
        9C:1C:12:86:86:B3  UTS-DeviceNet      Infra  116   195 Mbit/s  62      ▂▄▆_  --          
        9C:1C:12:86:72:16  UTS-DeviceNet      Infra  165   195 Mbit/s  62      ▂▄▆_  --          
        9C:1C:12:86:71:02  UTS-Guest          Infra  1     195 Mbit/s  60      ▂▄▆_  --          
        9C:1C:12:86:70:63  UTS-Guest          Infra  6     195 Mbit/s  60      ▂▄▆_  --          
        9C:1C:12:86:56:32  UTS-Guest          Infra  100   195 Mbit/s  60      ▂▄▆_  --          
        9C:1C:12:86:62:D3  UTS-Guest          Infra  140   195 Mbit/s  60      ▂▄▆_  --          
        9C:1C:12:86:83:D2  UTS-Guest          Infra  52    195 Mbit/s  59      ▂▄▆_  --          
        9C:1C:12:86:83:D6  UTS-DeviceNet      Infra  52    195 Mbit/s  59      ▂▄▆_  --          
        9C:1C:12:86:71:16  UTS-DeviceNet      Infra  132   195 Mbit/s  59      ▂▄▆_  --          
        9C:1C:12:86:7F:E6  UTS-DeviceNet      Infra  1     195 Mbit/s  57      ▂▄▆_  --          
        9C:1C:12:86:71:06  UTS-DeviceNet      Infra  1     195 Mbit/s  57      ▂▄▆_  --          
        9C:1C:12:86:5E:A6  UTS-DeviceNet      Infra  6     195 Mbit/s  57      ▂▄▆_  --          
        9C:1C:12:86:83:B2  UTS-Guest          Infra  48    195 Mbit/s  57      ▂▄▆_  --          
        9C:1C:12:86:83:B6  UTS-DeviceNet      Infra  48    195 Mbit/s  57      ▂▄▆_  --          
        9C:1C:12:86:71:12  UTS-Guest          Infra  132   195 Mbit/s  57      ▂▄▆_  --          
        9C:1C:12:86:62:D6  UTS-DeviceNet      Infra  140   195 Mbit/s  57      ▂▄▆_  --          
        9C:1C:12:86:76:36  UTS-DeviceNet      Infra  153   195 Mbit/s  55      ▂▄__  --          
        9C:1C:12:86:7B:42  UTS-Guest          Infra  1     195 Mbit/s  54      ▂▄__  --          
        9C:1C:12:86:5E:A2  UTS-Guest          Infra  6     195 Mbit/s  54      ▂▄__  --          
        9C:1C:12:86:74:06  UTS-DeviceNet      Infra  6     195 Mbit/s  54      ▂▄__  --          
        9C:1C:12:86:55:C6  UTS-DeviceNet      Infra  11    195 Mbit/s  54      ▂▄__  --          
        9C:1C:12:86:6C:16  UTS-DeviceNet      Infra  64    195 Mbit/s  54      ▂▄__  --          
        9C:1C:12:86:74:12  UTS-Guest          Infra  104   195 Mbit/s  54      ▂▄__  --          
        9C:1C:12:86:74:16  UTS-DeviceNet      Infra  104   195 Mbit/s  54      ▂▄__  --          
        9C:1C:12:86:6C:12  UTS-Guest          Infra  64    195 Mbit/s  52      ▂▄__  --          
        9C:1C:12:86:76:32  UTS-Guest          Infra  153   195 Mbit/s  52      ▂▄__  --          
        9C:1C:12:86:70:66  UTS-DeviceNet      Infra  6     195 Mbit/s  50      ▂▄__  --          
        9C:1C:12:86:61:26  UTS-DeviceNet      Infra  1     195 Mbit/s  47      ▂▄__  --          
        9C:1C:12:8F:C6:02  UTS-Guest          Infra  1     195 Mbit/s  47      ▂▄__  --          
        9C:1C:12:86:5D:66  UTS-DeviceNet      Infra  1     195 Mbit/s  47      ▂▄__  --          
        9C:1C:12:86:74:02  UTS-Guest          Infra  6     195 Mbit/s  47      ▂▄__  --          
        9C:1C:12:86:62:C3  UTS-Guest          Infra  11    195 Mbit/s  47      ▂▄__  --          
        9C:1C:12:86:71:42  UTS-Guest          Infra  11    195 Mbit/s  47      ▂▄__  --          
        9C:1C:12:86:99:A6  UTS-DeviceNet      Infra  11    195 Mbit/s  47      ▂▄__  --          
        9C:1C:12:86:5E:B2  UTS-Guest          Infra  44    195 Mbit/s  47      ▂▄__  --          
        9C:1C:12:86:5E:B6  UTS-DeviceNet      Infra  44    195 Mbit/s  47      ▂▄__  --          
        9C:1C:12:86:5D:52  UTS-Guest          Infra  161   195 Mbit/s  45      ▂▄__  --          
        9C:1C:12:86:61:22  UTS-Guest          Infra  1     195 Mbit/s  44      ▂▄__  --          
        9C:1C:12:86:72:E3  UTS-Guest          Infra  1     195 Mbit/s  44      ▂▄__  --          
        9C:1C:12:86:97:82  UTS-Guest          Infra  1     195 Mbit/s  44      ▂▄__  --          
        9C:1C:12:86:6D:42  UTS-Guest          Infra  11    195 Mbit/s  44      ▂▄__  --          
        9C:1C:12:86:62:C6  UTS-DeviceNet      Infra  11    195 Mbit/s  44      ▂▄__  --          
        9C:1C:12:86:5D:72  UTS-Guest          Infra  60    195 Mbit/s  44      ▂▄__  --          
        9C:1C:12:86:99:B2  UTS-Guest          Infra  60    195 Mbit/s  44      ▂▄__  --          
        B4:5D:50:75:81:10  UTS-DeviceNet      Infra  108   195 Mbit/s  44      ▂▄__  --          
        B4:5D:50:75:81:12  UTS-Guest          Infra  108   195 Mbit/s  44      ▂▄__  --          
        9C:1C:12:86:5D:56  UTS-DeviceNet      Infra  161   195 Mbit/s  44      ▂▄__  --          
        9C:1C:12:86:5D:76  UTS-DeviceNet      Infra  60    195 Mbit/s  42      ▂▄__  --          
        9C:1C:12:86:7E:52  UTS-Guest          Infra  112   195 Mbit/s  42      ▂▄__  --          
        9C:1C:12:86:5B:F6  UTS-DeviceNet      Infra  132   195 Mbit/s  42      ▂▄__  --          
        9C:1C:12:86:7D:46  UTS-DeviceNet      Infra  1     195 Mbit/s  40      ▂▄__  --          
        9C:1C:12:8F:C6:06  UTS-DeviceNet      Infra  1     195 Mbit/s  40      ▂▄__  --          
        9C:1C:12:86:9C:22  UTS-Guest          Infra  1     195 Mbit/s  40      ▂▄__  --          
        9C:1C:12:86:9C:26  UTS-DeviceNet      Infra  1     195 Mbit/s  40      ▂▄__  --          
        9C:1C:12:86:5D:42  UTS-Guest          Infra  6     195 Mbit/s  40      ▂▄__  --          
        9C:1C:12:86:87:02  UTS-Guest          Infra  6     195 Mbit/s  40      ▂▄__  --          
        9C:1C:12:86:7E:46  UTS-DeviceNet      Infra  11    195 Mbit/s  40      ▂▄__  --          
        9C:1C:12:86:7E:42  UTS-Guest          Infra  11    195 Mbit/s  40      ▂▄__  --          
        9C:1C:12:86:7D:56  UTS-DeviceNet      Infra  100   195 Mbit/s  40      ▂▄__  --          
        9C:1C:12:86:61:76  UTS-DeviceNet      Infra  100   195 Mbit/s  40      ▂▄__  --          
        9C:1C:12:86:78:32  UTS-Guest          Infra  149   195 Mbit/s  40      ▂▄__  --          
        9C:1C:12:86:78:36  UTS-DeviceNet      Infra  149   195 Mbit/s  40      ▂▄__  --          
        9C:1C:12:86:87:13  UTS-DeviceNet      Infra  36    195 Mbit/s  39      ▂▄__  --          
        9C:1C:12:86:9C:32  UTS-Guest          Infra  40    195 Mbit/s  39      ▂▄__  --          
        9C:1C:12:86:99:B6  UTS-DeviceNet      Infra  60    195 Mbit/s  39      ▂▄__  --          
        9C:1C:12:86:7D:52  UTS-Guest          Infra  100   195 Mbit/s  39      ▂▄__  --          
        9C:1C:12:86:8B:76  UTS-DeviceNet      Infra  104   195 Mbit/s  39      ▂▄__  --          
        9C:1C:12:86:5B:F2  UTS-Guest          Infra  132   195 Mbit/s  39      ▂▄__  --          
        9C:1C:12:8F:C6:12  UTS-Guest          Infra  136   195 Mbit/s  39      ▂▄__  --          
        9C:1C:12:86:72:E6  UTS-DeviceNet      Infra  1     195 Mbit/s  37      ▂▄__  --          
        9C:1C:12:86:66:66  UTS-DeviceNet      Infra  1     195 Mbit/s  37      ▂▄__  --          
        9C:1C:12:86:66:62  UTS-Guest          Infra  1     195 Mbit/s  37      ▂▄__  --          
        9C:1C:12:86:6D:46  UTS-DeviceNet      Infra  11    195 Mbit/s  37      ▂▄__  --          
        9C:1C:12:86:61:32  UTS-Guest          Infra  36    195 Mbit/s  37      ▂▄__  --          
        9C:1C:12:86:61:36  UTS-DeviceNet      Infra  36    195 Mbit/s  37      ▂▄__  --          
        9C:1C:12:86:87:12  UTS-Guest          Infra  36    195 Mbit/s  37      ▂▄__  --          
        9C:1C:12:86:9C:36  UTS-DeviceNet      Infra  40    195 Mbit/s  37      ▂▄__  --          
        9C:1C:12:86:97:92  UTS-Guest          Infra  64    195 Mbit/s  37      ▂▄__  --          
        9C:1C:12:86:97:96  UTS-DeviceNet      Infra  64    195 Mbit/s  37      ▂▄__  --          
        9C:1C:12:86:61:72  UTS-Guest          Infra  100   195 Mbit/s  37      ▂▄__  --          
        9C:1C:12:86:8B:72  UTS-Guest          Infra  104   195 Mbit/s  37      ▂▄__  --          
        9C:1C:12:86:84:36  UTS-DeviceNet      Infra  116   195 Mbit/s  37      ▂▄__  --          
        9C:1C:12:86:84:32  UTS-Guest          Infra  116   195 Mbit/s  37      ▂▄__  --          
        9C:1C:12:8F:C6:16  UTS-DeviceNet      Infra  136   195 Mbit/s  37      ▂▄__  --          
        9C:1C:12:8F:C5:F6  UTS-DeviceNet      Infra  165   195 Mbit/s  37      ▂▄__  --          
        9C:1C:12:86:83:A2  UTS-Guest          Infra  1     195 Mbit/s  34      ▂▄__  --          
        70:3A:0E:43:3B:22  UTS-Guest          Infra  1     195 Mbit/s  34      ▂▄__  --          
        9C:1C:12:86:76:26  UTS-DeviceNet      Infra  6     195 Mbit/s  34      ▂▄__  --          
        9C:1C:12:86:6C:92  UTS-Guest          Infra  44    195 Mbit/s  34      ▂▄__  --          
        9C:1C:12:86:6C:96  UTS-DeviceNet      Infra  44    195 Mbit/s  34      ▂▄__  --          
        9C:1C:12:86:5B:52  UTS-Guest          Infra  44    195 Mbit/s  34      ▂▄__  --          
        9C:1C:12:86:95:D2  UTS-Guest          Infra  48    195 Mbit/s  34      ▂▄__  --          
        9C:1C:12:86:9B:33  UTS-Guest          Infra  116   195 Mbit/s  34      ▂▄__  --          
        9C:1C:12:86:59:14  UTS-Guest          Infra  136   195 Mbit/s  34      ▂▄__  --          
        9C:1C:12:86:59:16  UTS-DeviceNet      Infra  136   195 Mbit/s  34      ▂▄__  --          
        9C:1C:12:8F:B9:52  UTS-Guest          Infra  136   195 Mbit/s  34      ▂▄__  --          
        94:B4:0F:09:85:51  UTS-Guest          Infra  153   195 Mbit/s  34      ▂▄__  --          
        9C:1C:12:86:72:F6  UTS-DeviceNet      Infra  104   195 Mbit/s  32      ▂▄__  --          
        9C:1C:12:86:8C:D3  UTS-DeviceNet      Infra  112   195 Mbit/s  32      ▂▄__  --          
        9C:1C:12:86:9B:36  UTS-DeviceNet      Infra  116   195 Mbit/s  32      ▂▄__  --          
        9C:1C:12:86:66:D2  UTS-Guest          Infra  161   195 Mbit/s  32      ▂▄__  --          
        9C:1C:12:86:69:D4  UTS-Guest          Infra  161   195 Mbit/s  32      ▂▄__  --          
        9C:1C:12:86:5B:E2  UTS-Guest          Infra  1     195 Mbit/s  30      ▂___  --          
        9C:1C:12:86:83:A6  UTS-DeviceNet      Infra  1     195 Mbit/s  30      ▂___  --          
        9C:1C:12:86:72:06  UTS-DeviceNet      Infra  11    195 Mbit/s  30      ▂___  --          
        9C:1C:12:86:72:02  UTS-Guest          Infra  11    195 Mbit/s  30      ▂___  --          
        9C:1C:12:86:95:D6  UTS-DeviceNet      Infra  48    195 Mbit/s  30      ▂___  --          
        9C:1C:12:86:72:F3  UTS-Guest          Infra  104   195 Mbit/s  30      ▂___  --          
        9C:1C:12:86:5A:72  UTS-Guest          Infra  108   195 Mbit/s  30      ▂___  --          
        9C:1C:12:86:5A:76  UTS-DeviceNet      Infra  108   195 Mbit/s  30      ▂___  --          
        9C:1C:12:86:69:D6  UTS-DeviceNet      Infra  161   195 Mbit/s  30      ▂___  --          
        9C:1C:12:86:5D:D3  UTS-DeviceNet      Infra  161   195 Mbit/s  30      ▂___  --          
        9C:1C:12:86:5F:B2  UTS-Guest          Infra  165   195 Mbit/s  30      ▂___  --          
        9C:1C:12:86:6B:B3  UTS-Guest          Infra  132   195 Mbit/s  29      ▂___  --          
        9C:1C:12:86:5D:D2  UTS-Guest          Infra  161   195 Mbit/s  29      ▂___  --          
        9C:1C:12:86:5B:E6  UTS-DeviceNet      Infra  1     195 Mbit/s  27      ▂___  --          
        9C:1C:12:86:7B:46  UTS-DeviceNet      Infra  1     195 Mbit/s  27      ▂___  --          
        90:4C:81:A2:80:83  UTS-DeviceNet      Infra  44    260 Mbit/s  27      ▂___  --          
        9C:1C:12:86:7C:14  UTS-Guest          Infra  64    195 Mbit/s  27      ▂___  --          
        9C:1C:12:86:7C:16  UTS-DeviceNet      Infra  64    195 Mbit/s  27      ▂___  --          
        9C:1C:12:86:5A:36  UTS-DeviceNet      Infra  104   195 Mbit/s  27      ▂___  --          
        9C:1C:12:8F:C0:D2  UTS-Guest          Infra  108   195 Mbit/s  27      ▂___  --          
        9C:1C:12:86:6B:B6  UTS-DeviceNet      Infra  132   195 Mbit/s  27      ▂___  --          
        9C:1C:12:8F:B9:56  UTS-DeviceNet      Infra  136   195 Mbit/s  27      ▂___  --          
        9C:1C:12:86:66:72  UTS-Guest          Infra  136   195 Mbit/s  27      ▂___  --          
        9C:1C:12:86:66:76  UTS-DeviceNet      Infra  136   195 Mbit/s  27      ▂___  --          
        40:E3:D6:E8:06:14  UTS-DeviceNet      Infra  140   195 Mbit/s  27      ▂___  --          
        9C:1C:12:86:63:D2  UTS-Guest          Infra  157   195 Mbit/s  27      ▂___  --          
        9C:1C:12:8F:C7:32  UTS-Guest          Infra  157   195 Mbit/s  27      ▂___  --          
        90:4C:81:A2:80:82  UTS-Guest          Infra  44    260 Mbit/s  25      ▂___  --          
        9C:1C:12:8F:B8:32  UTS-Guest          Infra  48    195 Mbit/s  25      ▂___  --          
        84:D4:7E:EE:29:72  UTS-Guest          Infra  100   195 Mbit/s  25      ▂___  --          
        84:D4:7E:EE:29:76  UTS-DeviceNet      Infra  100   195 Mbit/s  25      ▂___  --          
        9C:1C:12:8F:C0:D6  UTS-DeviceNet      Infra  108   195 Mbit/s  25      ▂___  --          
        9C:1C:12:86:82:D6  UTS-DeviceNet      Infra  157   195 Mbit/s  25      ▂___  --          
        9C:1C:12:86:59:72  UTS-Guest          Infra  165   195 Mbit/s  25      ▂___  --          
        9C:1C:12:86:65:26  UTS-DeviceNet      Infra  11    195 Mbit/s  24      ▂___  --          
        9C:1C:12:86:6D:52  UTS-Guest          Infra  48    195 Mbit/s  24      ▂___  --          
        18:64:72:30:1F:12  UTS-Guest          Infra  56    195 Mbit/s  24      ▂___  --          
        9C:1C:12:86:89:32  UTS-Guest          Infra  56    195 Mbit/s  24      ▂___  --          
        9C:1C:12:86:89:36  UTS-DeviceNet      Infra  56    195 Mbit/s  24      ▂___  --          
        18:64:72:30:1F:16  UTS-DeviceNet      Infra  56    195 Mbit/s  24      ▂___  --          
        9C:1C:12:86:5A:32  UTS-Guest          Infra  104   195 Mbit/s  24      ▂___  --          
        9C:1C:12:86:82:D2  UTS-Guest          Infra  157   195 Mbit/s  24      ▂___  --          
        9C:1C:12:8F:C7:36  UTS-DeviceNet      Infra  157   195 Mbit/s  24      ▂___  --          
        9C:1C:12:8F:B8:36  UTS-DeviceNet      Infra  48    195 Mbit/s  22      ▂___  --          
        9C:1C:12:86:6D:56  UTS-DeviceNet      Infra  48    195 Mbit/s  22      ▂___  --          
        9C:1C:12:86:7A:36  UTS-DeviceNet      Infra  104   195 Mbit/s  22      ▂___  --          
        9C:1C:12:86:65:32  UTS-Guest          Infra  116   195 Mbit/s  22      ▂___  --          
        9C:1C:12:86:63:D1  eduroam            Infra  157   195 Mbit/s  22      ▂___  WPA2 802.1X 
        9C:1C:12:86:7D:42  UTS-Guest          Infra  1     195 Mbit/s  20      ▂___  --          
        9C:1C:12:86:6E:10  UTS-DeviceNetNIVC  Infra  48    195 Mbit/s  20      ▂___  WPA2        
        9C:1C:12:86:6E:11  eduroam            Infra  48    195 Mbit/s  20      ▂___  WPA2 802.1X 
        9C:1C:12:86:73:71  eduroam            Infra  48    195 Mbit/s  20      ▂___  WPA2 802.1X 
        9C:1C:12:8F:C7:54  UTS-WiFi           Infra  60    195 Mbit/s  20      ▂___  WPA2 802.1X 
        9C:1C:12:8F:C7:56  UTS-DeviceNet      Infra  60    195 Mbit/s  20      ▂___  --          
        9C:1C:12:86:7C:11  UTS-WiFi           Infra  64    195 Mbit/s  20      ▂___  WPA2 802.1X 
        9C:1C:12:86:77:13  UTS-Guest          Infra  64    195 Mbit/s  20      ▂___  --          
        9C:1C:12:86:7A:30  UTS-DeviceNetNIVC  Infra  104   195 Mbit/s  20      ▂___  WPA2        
        9C:1C:12:86:7A:31  eduroam            Infra  104   195 Mbit/s  20      ▂___  WPA2 802.1X 
        9C:1C:12:86:7A:34  UTS-WiFi           Infra  104   195 Mbit/s  20      ▂___  WPA2 802.1X 
        9C:1C:12:86:7A:32  UTS-Guest          Infra  104   195 Mbit/s  20      ▂___  --          
        9C:1C:12:86:8C:D2  UTS-Guest          Infra  112   195 Mbit/s  20      ▂___  --          
        9C:1C:12:86:65:30  UTS-DeviceNetNIVC  Infra  116   195 Mbit/s  20      ▂___  WPA2        
        9C:1C:12:86:65:31  eduroam            Infra  116   195 Mbit/s  20      ▂___  WPA2 802.1X 
        9C:1C:12:86:65:36  UTS-DeviceNet      Infra  116   195 Mbit/s  20      ▂___  --          
        9C:1C:12:86:73:72  UTS-Guest          Infra  48    195 Mbit/s  19      ▂___  --          
        9C:1C:12:86:73:76  UTS-DeviceNet      Infra  48    195 Mbit/s  19      ▂___  --          
        9C:1C:12:86:62:53  UTS-Guest          Infra  52    195 Mbit/s  19      ▂___  --          
        9C:1C:12:86:62:56  UTS-DeviceNet      Infra  52    195 Mbit/s  19      ▂___  --          
        9C:1C:12:8F:C7:52  UTS-Guest          Infra  60    195 Mbit/s  19      ▂___  --          
        9C:1C:12:8F:C3:32  UTS-Guest          Infra  100   195 Mbit/s  19      ▂___  --          
        9C:1C:12:86:6E:F2  eduroam            Infra  40    195 Mbit/s  17      ▂___  WPA2 802.1X 
        9C:1C:12:86:73:70  UTS-DeviceNetNIVC  Infra  48    195 Mbit/s  17      ▂___  WPA2        
        9C:1C:12:8F:BE:30  UTS-DeviceNetNIVC  Infra  60    195 Mbit/s  17      ▂___  WPA2        
        9C:1C:12:86:77:12  eduroam            Infra  64    195 Mbit/s  17      ▂___  WPA2 802.1X 
        9C:1C:12:8F:C3:30  UTS-DeviceNetNIVC  Infra  100   195 Mbit/s  17      ▂___  WPA2        
        9C:1C:12:8F:C3:36  UTS-DeviceNet      Infra  100   195 Mbit/s  17      ▂___  --          
        9C:1C:12:86:65:34  UTS-WiFi           Infra  116   195 Mbit/s  17      ▂___  WPA2 802.1X 
        9C:1C:12:8F:C3:31  eduroam            Infra  100   195 Mbit/s  15      ▂___  WPA2 802.1X 
        9C:1C:12:86:5A:B6  UTS-DeviceNet      Infra  112   195 Mbit/s  15      ▂___  --          

===== Initialization completed at Thu Oct 16 04:51:20 AM EDT 2025 =====


[*] Starting web UI: ./app/app.py in background...
[+] Web UI started successfully (PID: 23632)
[+] Scanner started successfully (PID: 23635)

[*] Running Python script: ./app/app.py
