
===== Initialization started at Sun Oct  5 10:50:08 PM EDT 2025 =====

[+] Running with root privileges.

[*] Installing required system packages...

WARNING: apt does not have a stable CLI interface. Use with caution in scripts.

Reading package lists...
Building dependency tree...
Reading state information...
python3-gi is already the newest version (3.50.0-7).
python3-gi-cairo is already the newest version (3.50.0-7).
gir1.2-gtk-3.0 is already the newest version (3.24.50-2).
libgirepository1.0-dev is already the newest version (1.86.0-5).
libcairo2-dev is already the newest version (1.18.4-1+b1).
pkg-config is already the newest version (1.8.1-4).
python3-dev is already the newest version (3.13.5-1).
libgtk-3-dev is already the newest version (3.24.50-2).
build-essential is already the newest version (12.12).
The following packages were automatically installed and are no longer required:
  libflac12t64           python3-dockerpty
  libfuse3-3             python3-dunamai
  libgeos3.13.0          python3-nfsclient
  libglapi-mesa          python3-poetry-dynamic-versioning
  liblbfgsb0             python3-requests-ntlm
  libpoppler145          python3-setproctitle
  libpython3.12-minimal  python3-texttable
  libpython3.12-stdlib   python3-tomlkit
  libpython3.12t64       python3.12-tk
  libutempter0           ruby-zeitwerk
  python3-compose        strongswan
  python3-docker
Use 'sudo apt autoremove' to remove them.

Summary:
  Upgrading: 0, Installing: 0, Removing: 0, Not Upgrading: 1133
[+] System packages installed successfully.
[*] Script executed by: kali
[+] Python found: Python 3.13.7
[+] Python version >= 3.8 OK
[+] Virtual environment already exists (.venv)
[*] Activating virtual environment...
[*] Upgrading pip inside venv...
Requirement already satisfied: pip in ./.venv/lib/python3.13/site-packages (25.2)
[*] Installing Python dependencies from requirements.txt ...
Requirement already satisfied: scapy in ./.venv/lib/python3.13/site-packages (from -r requirements.txt (line 1)) (2.6.1)
Requirement already satisfied: mysql-connector-python in ./.venv/lib/python3.13/site-packages (from -r requirements.txt (line 2)) (9.4.0)
Requirement already satisfied: pandas in ./.venv/lib/python3.13/site-packages (from -r requirements.txt (line 3)) (2.3.3)
Requirement already satisfied: reportlab in ./.venv/lib/python3.13/site-packages (from -r requirements.txt (line 4)) (4.4.4)
Requirement already satisfied: folium in ./.venv/lib/python3.13/site-packages (from -r requirements.txt (line 6)) (0.20.0)
Requirement already satisfied: pywebview[QT] in ./.venv/lib/python3.13/site-packages (from -r requirements.txt (line 5)) (6.0)
Requirement already satisfied: numpy>=1.26.0 in ./.venv/lib/python3.13/site-packages (from pandas->-r requirements.txt (line 3)) (2.3.3)
Requirement already satisfied: python-dateutil>=2.8.2 in ./.venv/lib/python3.13/site-packages (from pandas->-r requirements.txt (line 3)) (2.9.0.post0)
Requirement already satisfied: pytz>=2020.1 in ./.venv/lib/python3.13/site-packages (from pandas->-r requirements.txt (line 3)) (2025.2)
Requirement already satisfied: tzdata>=2022.7 in ./.venv/lib/python3.13/site-packages (from pandas->-r requirements.txt (line 3)) (2025.2)
Requirement already satisfied: pillow>=9.0.0 in ./.venv/lib/python3.13/site-packages (from reportlab->-r requirements.txt (line 4)) (11.3.0)
Requirement already satisfied: charset-normalizer in ./.venv/lib/python3.13/site-packages (from reportlab->-r requirements.txt (line 4)) (3.4.3)
Requirement already satisfied: proxy_tools in ./.venv/lib/python3.13/site-packages (from pywebview[QT]->-r requirements.txt (line 5)) (0.1.0)
Requirement already satisfied: bottle in ./.venv/lib/python3.13/site-packages (from pywebview[QT]->-r requirements.txt (line 5)) (0.13.4)
Requirement already satisfied: typing_extensions in ./.venv/lib/python3.13/site-packages (from pywebview[QT]->-r requirements.txt (line 5)) (4.15.0)
Collecting QtPy (from pywebview[QT]->-r requirements.txt (line 5))
  Downloading QtPy-2.4.3-py3-none-any.whl.metadata (12 kB)
Collecting PyQt6 (from pywebview[QT]->-r requirements.txt (line 5))
  Downloading pyqt6-6.9.1-cp39-abi3-manylinux_2_28_x86_64.whl.metadata (2.1 kB)
Collecting PyQt6-WebEngine (from pywebview[QT]->-r requirements.txt (line 5))
  Downloading PyQt6_WebEngine-6.9.0-cp39-abi3-manylinux_2_28_x86_64.whl.metadata (1.8 kB)
Requirement already satisfied: branca>=0.6.0 in ./.venv/lib/python3.13/site-packages (from folium->-r requirements.txt (line 6)) (0.8.1)
Requirement already satisfied: jinja2>=2.9 in ./.venv/lib/python3.13/site-packages (from folium->-r requirements.txt (line 6)) (3.1.6)
Requirement already satisfied: requests in ./.venv/lib/python3.13/site-packages (from folium->-r requirements.txt (line 6)) (2.32.5)
Requirement already satisfied: xyzservices in ./.venv/lib/python3.13/site-packages (from folium->-r requirements.txt (line 6)) (2025.4.0)
Requirement already satisfied: MarkupSafe>=2.0 in ./.venv/lib/python3.13/site-packages (from jinja2>=2.9->folium->-r requirements.txt (line 6)) (3.0.3)
Requirement already satisfied: six>=1.5 in ./.venv/lib/python3.13/site-packages (from python-dateutil>=2.8.2->pandas->-r requirements.txt (line 3)) (1.17.0)
Collecting PyQt6-sip<14,>=13.8 (from PyQt6->pywebview[QT]->-r requirements.txt (line 5))
  Downloading pyqt6_sip-13.10.2-cp313-cp313-manylinux_2_5_x86_64.manylinux1_x86_64.whl.metadata (494 bytes)
Collecting PyQt6-Qt6<6.10.0,>=6.9.0 (from PyQt6->pywebview[QT]->-r requirements.txt (line 5))
  Downloading pyqt6_qt6-6.9.2-py3-none-manylinux_2_28_x86_64.whl.metadata (534 bytes)
Collecting PyQt6-WebEngine-Qt6<6.10.0,>=6.9.0 (from PyQt6-WebEngine->pywebview[QT]->-r requirements.txt (line 5))
  Downloading pyqt6_webengine_qt6-6.9.2-py3-none-manylinux_2_28_x86_64.whl.metadata (574 bytes)
Collecting packaging (from QtPy->pywebview[QT]->-r requirements.txt (line 5))
  Using cached packaging-25.0-py3-none-any.whl.metadata (3.3 kB)
Requirement already satisfied: idna<4,>=2.5 in ./.venv/lib/python3.13/site-packages (from requests->folium->-r requirements.txt (line 6)) (3.10)
Requirement already satisfied: urllib3<3,>=1.21.1 in ./.venv/lib/python3.13/site-packages (from requests->folium->-r requirements.txt (line 6)) (2.5.0)
Requirement already satisfied: certifi>=2017.4.17 in ./.venv/lib/python3.13/site-packages (from requests->folium->-r requirements.txt (line 6)) (2025.10.5)
Downloading pyqt6-6.9.1-cp39-abi3-manylinux_2_28_x86_64.whl (37.8 MB)
   ━━━━━━━━━━━━━━━━━━━━━━━━━━━━━━━━━━━━━━━━ 37.8/37.8 MB 9.7 MB/s  0:00:03
Downloading pyqt6_qt6-6.9.2-py3-none-manylinux_2_28_x86_64.whl (82.3 MB)
   ━━━━━━━━━━━━━━━━━━━━━━━━━━━━━━━━━━━━━━━━ 82.3/82.3 MB 11.8 MB/s  0:00:06
Downloading pyqt6_sip-13.10.2-cp313-cp313-manylinux_2_5_x86_64.manylinux1_x86_64.whl (303 kB)
Downloading PyQt6_WebEngine-6.9.0-cp39-abi3-manylinux_2_28_x86_64.whl (299 kB)
Downloading pyqt6_webengine_qt6-6.9.2-py3-none-manylinux_2_28_x86_64.whl (110.8 MB)
   ━━━━━━━━━━━━━━━━━━━━━━━━━━━━━━━━━━━━━━━━ 110.8/110.8 MB 3.6 MB/s  0:00:30
Downloading QtPy-2.4.3-py3-none-any.whl (95 kB)
Using cached packaging-25.0-py3-none-any.whl (66 kB)
Installing collected packages: PyQt6-WebEngine-Qt6, PyQt6-Qt6, PyQt6-sip, packaging, QtPy, PyQt6, PyQt6-WebEngine

Successfully installed PyQt6-6.9.1 PyQt6-Qt6-6.9.2 PyQt6-WebEngine-6.9.0 PyQt6-WebEngine-Qt6-6.9.2 PyQt6-sip-13.10.2 QtPy-2.4.3 packaging-25.0
[+] MySQL client found.
[+] MySQL service is running.
[*] Running SQL setup from setup.sql ...
--------------
CREATE TABLE ProjectDB (
    ID INT PRIMARY KEY AUTO_INCREMENT,
    startTime DATETIME NOT NULL,
    stopTime DATETIME,
    projectType VARCHAR(20) CHECK (projectType IN ('sniff_external', 'sniff_internal', 'heatmap'))
)
--------------

ERROR 1050 (42S01) at line 14: Table 'ProjectDB' already exists

[*] Checking network interfaces...
1: lo: <LOOPBACK,UP,LOWER_UP> mtu 65536 qdisc noqueue state UNKNOWN mode DEFAULT group default qlen 1000
    link/loopback 00:00:00:00:00:00 brd 00:00:00:00:00:00
2: eth0: <BROADCAST,MULTICAST,UP,LOWER_UP> mtu 1500 qdisc fq_codel state UP mode DEFAULT group default qlen 1000
    link/ether 00:0c:29:7b:e9:c4 brd ff:ff:ff:ff:ff:ff
3: br-6beb009876a7: <NO-CARRIER,BROADCAST,MULTICAST,UP> mtu 1500 qdisc noqueue state DOWN mode DEFAULT group default 
    link/ether 02:42:15:2d:70:96 brd ff:ff:ff:ff:ff:ff
4: br-034f3551f963: <NO-CARRIER,BROADCAST,MULTICAST,UP> mtu 1500 qdisc noqueue state DOWN mode DEFAULT group default 
    link/ether 02:42:9c:9d:45:a3 brd ff:ff:ff:ff:ff:ff
5: br-22f1c1128960: <NO-CARRIER,BROADCAST,MULTICAST,UP> mtu 1500 qdisc noqueue state DOWN mode DEFAULT group default 
    link/ether 02:42:76:b0:c2:cd brd ff:ff:ff:ff:ff:ff
6: docker0: <NO-CARRIER,BROADCAST,MULTICAST,UP> mtu 1500 qdisc noqueue state DOWN mode DEFAULT group default 
    link/ether 02:42:bb:b1:2a:15 brd ff:ff:ff:ff:ff:ff
7: br-6ac09050e671: <NO-CARRIER,BROADCAST,MULTICAST,UP> mtu 1500 qdisc noqueue state DOWN mode DEFAULT group default 
    link/ether 02:42:e5:20:5d:9b brd ff:ff:ff:ff:ff:ff

[*] Checking monitor mode interfaces...

[*] Active Wi-Fi connections:

===== Initialization completed at Sun Oct  5 10:50:56 PM EDT 2025 =====


[*] Running Python script: ./app/app.py
