
===== Initialization started at Sun Oct  5 10:40:10 PM EDT 2025 =====

[+] Running with root privileges.
[*] Script executed by: kali
[+] Python found: Python 3.13.3
[+] Python version >= 3.8 OK
[+] Virtual environment already exists (.venv)
[*] Activating virtual environment...
[*] Upgrading pip inside venv...
Requirement already satisfied: pip in ./.venv/lib/python3.13/site-packages (25.2)
[*] Installing Python dependencies from requirements.txt ...
Requirement already satisfied: scapy in ./.venv/lib/python3.13/site-packages (from -r requirements.txt (line 1)) (2.6.1)
Requirement already satisfied: mysql-connector-python in ./.venv/lib/python3.13/site-packages (from -r requirements.txt (line 2)) (9.4.0)
Requirement already satisfied: pandas in ./.venv/lib/python3.13/site-packages (from -r requirements.txt (line 3)) (2.3.3)
Requirement already satisfied: reportlab in ./.venv/lib/python3.13/site-packages (from -r requirements.txt (line 4)) (4.4.4)
Collecting folium (from -r requirements.txt (line 6))
  Downloading folium-0.20.0-py2.py3-none-any.whl.metadata (4.2 kB)
Collecting pywebview[GTK] (from -r requirements.txt (line 5))
  Downloading pywebview-6.0-py3-none-any.whl.metadata (4.6 kB)
Requirement already satisfied: numpy>=1.26.0 in ./.venv/lib/python3.13/site-packages (from pandas->-r requirements.txt (line 3)) (2.3.3)
Requirement already satisfied: python-dateutil>=2.8.2 in ./.venv/lib/python3.13/site-packages (from pandas->-r requirements.txt (line 3)) (2.9.0.post0)
Requirement already satisfied: pytz>=2020.1 in ./.venv/lib/python3.13/site-packages (from pandas->-r requirements.txt (line 3)) (2025.2)
Requirement already satisfied: tzdata>=2022.7 in ./.venv/lib/python3.13/site-packages (from pandas->-r requirements.txt (line 3)) (2025.2)
Requirement already satisfied: pillow>=9.0.0 in ./.venv/lib/python3.13/site-packages (from reportlab->-r requirements.txt (line 4)) (11.3.0)
Requirement already satisfied: charset-normalizer in ./.venv/lib/python3.13/site-packages (from reportlab->-r requirements.txt (line 4)) (3.4.3)
Collecting proxy_tools (from pywebview[GTK]->-r requirements.txt (line 5))
  Downloading proxy_tools-0.1.0.tar.gz (3.0 kB)
  Installing build dependencies: started
  Installing build dependencies: finished with status 'done'
  Getting requirements to build wheel: started
  Getting requirements to build wheel: finished with status 'done'
  Preparing metadata (pyproject.toml): started
  Preparing metadata (pyproject.toml): finished with status 'done'
Collecting bottle (from pywebview[GTK]->-r requirements.txt (line 5))
  Downloading bottle-0.13.4-py2.py3-none-any.whl.metadata (1.6 kB)
Collecting typing_extensions (from pywebview[GTK]->-r requirements.txt (line 5))
  Downloading typing_extensions-4.15.0-py3-none-any.whl.metadata (3.3 kB)
Collecting PyGObject==3.50.0 (from pywebview[GTK]->-r requirements.txt (line 5))
  Downloading pygobject-3.50.0.tar.gz (1.1 MB)
     ━━━━━━━━━━━━━━━━━━━━━━━━━━━━━━━━━━━━━━━━ 1.1/1.1 MB 9.1 MB/s  0:00:00
  Installing build dependencies: started
  Installing build dependencies: finished with status 'error'
  error: subprocess-exited-with-error
  
  × pip subprocess to install build dependencies did not run successfully.
  │ exit code: 1
  ╰─> [78 lines of output]
      Collecting meson-python>=0.12.1
        Downloading meson_python-0.18.0-py3-none-any.whl.metadata (2.8 kB)
      Collecting pycairo>=1.16
        Downloading pycairo-1.28.0.tar.gz (662 kB)
           ━━━━━━━━━━━━━━━━━━━━━━━━━━━━━━━━━━━━━━━━ 662.5/662.5 kB 9.4 MB/s  0:00:00
        Installing build dependencies: started
        Installing build dependencies: finished with status 'done'
        Getting requirements to build wheel: started
        Getting requirements to build wheel: finished with status 'done'
        Installing backend dependencies: started
        Installing backend dependencies: finished with status 'done'
        Preparing metadata (pyproject.toml): started
        Preparing metadata (pyproject.toml): finished with status 'error'
        error: subprocess-exited-with-error
      
        × Preparing metadata (pyproject.toml) did not run successfully.
        │ exit code: 1
        ╰─> [50 lines of output]
            + meson setup /tmp/pip-install-5t8wwh62/pycairo_26eede173a094c6ca022c2bb72090d55 /tmp/pip-install-5t8wwh62/pycairo_26eede173a094c6ca022c2bb72090d55/.mesonpy-nktolxm_ -Dbuildtype=release -Db_ndebug=if-release -Db_vscrt=md -Dwheel=true -Dtests=false --native-file=/tmp/pip-install-5t8wwh62/pycairo_26eede173a094c6ca022c2bb72090d55/.mesonpy-nktolxm_/meson-python-native-file.ini
            The Meson build system
            Version: 1.9.1
            Source dir: /tmp/pip-install-5t8wwh62/pycairo_26eede173a094c6ca022c2bb72090d55
            Build dir: /tmp/pip-install-5t8wwh62/pycairo_26eede173a094c6ca022c2bb72090d55/.mesonpy-nktolxm_
            Build type: native build
            Project name: pycairo
            Project version: 1.28.0
            C compiler for the host machine: cc (gcc 14.2.0 "cc (Debian 14.2.0-19) 14.2.0")
            C linker for the host machine: cc ld.bfd 2.44
            Host machine cpu family: x86_64
            Host machine cpu: x86_64
            Program python3 found: YES (/home/kali/Documents/Capstone/main/Main_Project_Repo/.venv/bin/python3)
            Compiler for C supports arguments -Wall: YES
            Compiler for C supports arguments -Warray-bounds: YES
            Compiler for C supports arguments -Wcast-align: YES
            Compiler for C supports arguments -Wconversion: YES
            Compiler for C supports arguments -Wextra: YES
            Compiler for C supports arguments -Wformat=2: YES
            Compiler for C supports arguments -Wformat-nonliteral: YES
            Compiler for C supports arguments -Wformat-security: YES
            Compiler for C supports arguments -Wimplicit-function-declaration: YES
            Compiler for C supports arguments -Winit-self: YES
            Compiler for C supports arguments -Winline: YES
            Compiler for C supports arguments -Wmissing-format-attribute: YES
            Compiler for C supports arguments -Wmissing-noreturn: YES
            Compiler for C supports arguments -Wnested-externs: YES
            Compiler for C supports arguments -Wold-style-definition: YES
            Compiler for C supports arguments -Wpacked: YES
            Compiler for C supports arguments -Wpointer-arith: YES
            Compiler for C supports arguments -Wreturn-type: YES
            Compiler for C supports arguments -Wshadow: YES
            Compiler for C supports arguments -Wsign-compare: YES
            Compiler for C supports arguments -Wstrict-aliasing: YES
            Compiler for C supports arguments -Wundef: YES
            Compiler for C supports arguments -Wunused-but-set-variable: YES
            Compiler for C supports arguments -Wswitch-default: YES
            Compiler for C supports arguments -Wno-missing-field-initializers: YES
            Compiler for C supports arguments -Wno-unused-parameter: YES
            Compiler for C supports arguments -fno-strict-aliasing: YES
            Compiler for C supports arguments -fvisibility=hidden: YES
            Did not find pkg-config by name 'pkg-config'
            Found pkg-config: NO
            Did not find CMake 'cmake'
            Found CMake: NO
            Run-time dependency cairo found: NO
      
            ../cairo/meson.build:31:12: ERROR: Dependency lookup for cairo with method 'pkgconfig' failed: Pkg-config for machine host machine not found. Giving up.
      
            A full log can be found at /tmp/pip-install-5t8wwh62/pycairo_26eede173a094c6ca022c2bb72090d55/.mesonpy-nktolxm_/meson-logs/meson-log.txt
            [end of output]
      
        note: This error originates from a subprocess, and is likely not a problem with pip.
      error: metadata-generation-failed
      
      × Encountered error while generating package metadata.
      ╰─> See above for output.
      
      note: This is an issue with the package mentioned above, not pip.
      hint: See above for details.
      [end of output]
  
  note: This error originates from a subprocess, and is likely not a problem with pip.
error: subprocess-exited-with-error

× pip subprocess to install build dependencies did not run successfully.
│ exit code: 1
╰─> See above for output.

note: This error originates from a subprocess, and is likely not a problem with pip.
[+] MySQL client found.
[+] MySQL service is running.
[*] Running SQL setup from setup.sql ...
--------------
CREATE TABLE ProjectDB (
    ID INT PRIMARY KEY AUTO_INCREMENT,
    startTime DATETIME NOT NULL,
    stopTime DATETIME,
    projectType VARCHAR(20) CHECK (projectType IN ('sniff_external', 'sniff_internal', 'heatmap'))
)
--------------

ERROR 1050 (42S01) at line 14: Table 'ProjectDB' already exists

[*] Checking network interfaces...
1: lo: <LOOPBACK,UP,LOWER_UP> mtu 65536 qdisc noqueue state UNKNOWN mode DEFAULT group default qlen 1000
    link/loopback 00:00:00:00:00:00 brd 00:00:00:00:00:00
2: eth0: <BROADCAST,MULTICAST,UP,LOWER_UP> mtu 1500 qdisc fq_codel state UP mode DEFAULT group default qlen 1000
    link/ether 00:0c:29:7b:e9:c4 brd ff:ff:ff:ff:ff:ff
3: br-6beb009876a7: <NO-CARRIER,BROADCAST,MULTICAST,UP> mtu 1500 qdisc noqueue state DOWN mode DEFAULT group default 
    link/ether 02:42:15:2d:70:96 brd ff:ff:ff:ff:ff:ff
4: br-034f3551f963: <NO-CARRIER,BROADCAST,MULTICAST,UP> mtu 1500 qdisc noqueue state DOWN mode DEFAULT group default 
    link/ether 02:42:9c:9d:45:a3 brd ff:ff:ff:ff:ff:ff
5: br-22f1c1128960: <NO-CARRIER,BROADCAST,MULTICAST,UP> mtu 1500 qdisc noqueue state DOWN mode DEFAULT group default 
    link/ether 02:42:76:b0:c2:cd brd ff:ff:ff:ff:ff:ff
6: docker0: <NO-CARRIER,BROADCAST,MULTICAST,UP> mtu 1500 qdisc noqueue state DOWN mode DEFAULT group default 
    link/ether 02:42:bb:b1:2a:15 brd ff:ff:ff:ff:ff:ff
7: br-6ac09050e671: <NO-CARRIER,BROADCAST,MULTICAST,UP> mtu 1500 qdisc noqueue state DOWN mode DEFAULT group default 
    link/ether 02:42:e5:20:5d:9b brd ff:ff:ff:ff:ff:ff

[*] Checking monitor mode interfaces...

[*] Active Wi-Fi connections:

===== Initialization completed at Sun Oct  5 10:40:16 PM EDT 2025 =====


[*] Running Python script: ./app/app.py
