
===== Initialization started at Sun Oct  5 09:59:26 PM EDT 2025 =====

[+] Running with root privileges.
[*] Script executed by: kali
[+] Python found: Python 3.13.3
[+] Python version >= 3.8 OK
[*] Creating Python virtual environment in .venv ...
[*] Activating virtual environment...
[*] Upgrading pip inside venv...
Requirement already satisfied: pip in ./.venv/lib/python3.13/site-packages (25.1.1)
Collecting pip
  Using cached pip-25.2-py3-none-any.whl.metadata (4.7 kB)
Using cached pip-25.2-py3-none-any.whl (1.8 MB)
Installing collected packages: pip
  Attempting uninstall: pip
    Found existing installation: pip 25.1.1
    Uninstalling pip-25.1.1:
      Successfully uninstalled pip-25.1.1
Successfully installed pip-25.2
[*] Installing Python dependencies from requirements.txt ...
Collecting scapy (from -r requirements.txt (line 1))
  Using cached scapy-2.6.1-py3-none-any.whl.metadata (5.6 kB)
Collecting mysql-connector-python (from -r requirements.txt (line 2))
  Using cached mysql_connector_python-9.4.0-cp313-cp313-manylinux_2_28_x86_64.whl.metadata (7.5 kB)
Collecting pandas (from -r requirements.txt (line 3))
  Using cached pandas-2.3.3-cp313-cp313-manylinux_2_24_x86_64.manylinux_2_28_x86_64.whl.metadata (91 kB)
Collecting reportlab (from -r requirements.txt (line 4))
  Using cached reportlab-4.4.4-py3-none-any.whl.metadata (1.7 kB)
Collecting numpy>=1.26.0 (from pandas->-r requirements.txt (line 3))
  Using cached numpy-2.3.3-cp313-cp313-manylinux_2_27_x86_64.manylinux_2_28_x86_64.whl.metadata (62 kB)
Collecting python-dateutil>=2.8.2 (from pandas->-r requirements.txt (line 3))
  Using cached python_dateutil-2.9.0.post0-py2.py3-none-any.whl.metadata (8.4 kB)
Collecting pytz>=2020.1 (from pandas->-r requirements.txt (line 3))
  Using cached pytz-2025.2-py2.py3-none-any.whl.metadata (22 kB)
Collecting tzdata>=2022.7 (from pandas->-r requirements.txt (line 3))
  Using cached tzdata-2025.2-py2.py3-none-any.whl.metadata (1.4 kB)
Collecting pillow>=9.0.0 (from reportlab->-r requirements.txt (line 4))
  Using cached pillow-11.3.0-cp313-cp313-manylinux_2_27_x86_64.manylinux_2_28_x86_64.whl.metadata (9.0 kB)
Collecting charset-normalizer (from reportlab->-r requirements.txt (line 4))
  Using cached charset_normalizer-3.4.3-cp313-cp313-manylinux2014_x86_64.manylinux_2_17_x86_64.manylinux_2_28_x86_64.whl.metadata (36 kB)
Collecting six>=1.5 (from python-dateutil>=2.8.2->pandas->-r requirements.txt (line 3))
  Using cached six-1.17.0-py2.py3-none-any.whl.metadata (1.7 kB)
Using cached scapy-2.6.1-py3-none-any.whl (2.4 MB)
Using cached mysql_connector_python-9.4.0-cp313-cp313-manylinux_2_28_x86_64.whl (33.9 MB)
Using cached pandas-2.3.3-cp313-cp313-manylinux_2_24_x86_64.manylinux_2_28_x86_64.whl (12.3 MB)
Using cached reportlab-4.4.4-py3-none-any.whl (2.0 MB)
Using cached numpy-2.3.3-cp313-cp313-manylinux_2_27_x86_64.manylinux_2_28_x86_64.whl (16.6 MB)
Using cached pillow-11.3.0-cp313-cp313-manylinux_2_27_x86_64.manylinux_2_28_x86_64.whl (6.6 MB)
Using cached python_dateutil-2.9.0.post0-py2.py3-none-any.whl (229 kB)
Using cached pytz-2025.2-py2.py3-none-any.whl (509 kB)
Using cached six-1.17.0-py2.py3-none-any.whl (11 kB)
Using cached tzdata-2025.2-py2.py3-none-any.whl (347 kB)
Using cached charset_normalizer-3.4.3-cp313-cp313-manylinux2014_x86_64.manylinux_2_17_x86_64.manylinux_2_28_x86_64.whl (151 kB)
Installing collected packages: pytz, tzdata, six, scapy, pillow, numpy, mysql-connector-python, charset-normalizer, reportlab, python-dateutil, pandas

Successfully installed charset-normalizer-3.4.3 mysql-connector-python-9.4.0 numpy-2.3.3 pandas-2.3.3 pillow-11.3.0 python-dateutil-2.9.0.post0 pytz-2025.2 reportlab-4.4.4 scapy-2.6.1 six-1.17.0 tzdata-2025.2
[+] MySQL client found.
[+] MySQL service is running.
[*] Running SQL setup from setup.sql ...

[*] Checking network interfaces...
1: lo: <LOOPBACK,UP,LOWER_UP> mtu 65536 qdisc noqueue state UNKNOWN mode DEFAULT group default qlen 1000
    link/loopback 00:00:00:00:00:00 brd 00:00:00:00:00:00
2: eth0: <BROADCAST,MULTICAST,UP,LOWER_UP> mtu 1500 qdisc fq_codel state UP mode DEFAULT group default qlen 1000
    link/ether 00:0c:29:7b:e9:c4 brd ff:ff:ff:ff:ff:ff
3: br-6beb009876a7: <NO-CARRIER,BROADCAST,MULTICAST,UP> mtu 1500 qdisc noqueue state DOWN mode DEFAULT group default 
    link/ether 02:42:15:2d:70:96 brd ff:ff:ff:ff:ff:ff
4: br-034f3551f963: <NO-CARRIER,BROADCAST,MULTICAST,UP> mtu 1500 qdisc noqueue state DOWN mode DEFAULT group default 
    link/ether 02:42:9c:9d:45:a3 brd ff:ff:ff:ff:ff:ff
5: br-22f1c1128960: <NO-CARRIER,BROADCAST,MULTICAST,UP> mtu 1500 qdisc noqueue state DOWN mode DEFAULT group default 
    link/ether 02:42:76:b0:c2:cd brd ff:ff:ff:ff:ff:ff
6: docker0: <NO-CARRIER,BROADCAST,MULTICAST,UP> mtu 1500 qdisc noqueue state DOWN mode DEFAULT group default 
    link/ether 02:42:bb:b1:2a:15 brd ff:ff:ff:ff:ff:ff
7: br-6ac09050e671: <NO-CARRIER,BROADCAST,MULTICAST,UP> mtu 1500 qdisc noqueue state DOWN mode DEFAULT group default 
    link/ether 02:42:e5:20:5d:9b brd ff:ff:ff:ff:ff:ff

[*] Checking monitor mode interfaces...

[*] Active Wi-Fi connections:

[*] Running Python script: main.py
Start

===== Initialization completed at Sun Oct  5 09:59:37 PM EDT 2025 =====

