
===== Initialization started at Wed Oct 15 09:46:11 PM EDT 2025 =====

[+] Running with root privileges.

[*] Installing required system packages...

WARNING: apt does not have a stable CLI interface. Use with caution in scripts.

Reading package lists...
Building dependency tree...
Reading state information...
python3-gi is already the newest version (3.50.0-7).
python3-gi-cairo is already the newest version (3.50.0-7).
gir1.2-gtk-3.0 is already the newest version (3.24.50-2).
libgirepository1.0-dev is already the newest version (1.86.0-5).
libcairo2-dev is already the newest version (1.18.4-1+b1).
pkg-config is already the newest version (1.8.1-4).
python3-dev is already the newest version (3.13.5-1).
libgtk-3-dev is already the newest version (3.24.50-2).
build-essential is already the newest version (12.12).
libwebkit2gtk-4.1-dev is already the newest version (2.50.0-2).
gir1.2-webkit2-4.1 is already the newest version (2.50.0-2).
libopenblas-dev is already the newest version (0.3.29+ds-3).
The following package was automatically installed and is no longer required:
  libjxl0.10
Use 'sudo apt autoremove' to remove it.

Summary:
  Upgrading: 0, Installing: 0, Removing: 0, Not Upgrading: 1122
[+] System packages installed successfully.
[*] Script executed by: kali
[+] Python found: Python 3.13.7
[+] Python version >= 3.8 OK
[+] Virtual environment already exists (.venv)
[*] Activating virtual environment...
[*] Upgrading pip inside venv...
Requirement already satisfied: pip in ./.venv/lib/python3.13/site-packages (25.2)
[*] Installing Python dependencies from requirements.txt ...
