
===== Initialization started at Wed Oct 15 10:01:19 PM EDT 2025 =====

[+] Running with root privileges.

[*] Installing required system packages...

WARNING: apt does not have a stable CLI interface. Use with caution in scripts.

Reading package lists...
Building dependency tree...
Reading state information...
python3-gi is already the newest version (3.50.0-7).
python3-gi-cairo is already the newest version (3.50.0-7).
gir1.2-gtk-3.0 is already the newest version (3.24.50-2).
libgirepository1.0-dev is already the newest version (1.86.0-5).
libcairo2-dev is already the newest version (1.18.4-1+b1).
pkg-config is already the newest version (1.8.1-4).
python3-dev is already the newest version (3.13.5-1).
libgtk-3-dev is already the newest version (3.24.50-2).
build-essential is already the newest version (12.12).
libwebkit2gtk-4.1-dev is already the newest version (2.50.0-2).
gir1.2-webkit2-4.1 is already the newest version (2.50.0-2).
libopenblas-dev is already the newest version (0.3.29+ds-3).
The following package was automatically installed and is no longer required:
  libjxl0.10
Use 'sudo apt autoremove' to remove it.

Summary:
  Upgrading: 0, Installing: 0, Removing: 0, Not Upgrading: 1122
[+] System packages installed successfully.
[*] Script executed by: kali
[+] Python found: Python 3.13.7
[+] Python version >= 3.8 OK
[+] Virtual environment already exists (.venv)
[*] Activating virtual environment...
[*] Upgrading pip inside venv...
Requirement already satisfied: pip in ./.venv/lib/python3.13/site-packages (25.2)
[*] Installing Python dependencies from requirements.txt ...
Requirement already satisfied: scapy in ./.venv/lib/python3.13/site-packages (from -r requirements.txt (line 1)) (2.6.1)
Requirement already satisfied: mysql-connector-python in ./.venv/lib/python3.13/site-packages (from -r requirements.txt (line 2)) (9.4.0)
Requirement already satisfied: pandas in ./.venv/lib/python3.13/site-packages (from -r requirements.txt (line 3)) (2.3.3)
Requirement already satisfied: reportlab in ./.venv/lib/python3.13/site-packages (from -r requirements.txt (line 4)) (4.4.4)
Requirement already satisfied: folium in ./.venv/lib/python3.13/site-packages (from -r requirements.txt (line 6)) (0.20.0)
Requirement already satisfied: numpy in ./.venv/lib/python3.13/site-packages (from -r requirements.txt (line 7)) (2.3.3)
Requirement already satisfied: flask in ./.venv/lib/python3.13/site-packages (from -r requirements.txt (line 8)) (3.1.2)
Requirement already satisfied: matplotlib in ./.venv/lib/python3.13/site-packages (from -r requirements.txt (line 9)) (3.10.7)
Requirement already satisfied: pywebview[GTK] in ./.venv/lib/python3.13/site-packages (from -r requirements.txt (line 5)) (6.0)
Requirement already satisfied: python-dateutil>=2.8.2 in ./.venv/lib/python3.13/site-packages (from pandas->-r requirements.txt (line 3)) (2.9.0.post0)
Requirement already satisfied: pytz>=2020.1 in ./.venv/lib/python3.13/site-packages (from pandas->-r requirements.txt (line 3)) (2025.2)
Requirement already satisfied: tzdata>=2022.7 in ./.venv/lib/python3.13/site-packages (from pandas->-r requirements.txt (line 3)) (2025.2)
Requirement already satisfied: pillow>=9.0.0 in ./.venv/lib/python3.13/site-packages (from reportlab->-r requirements.txt (line 4)) (11.3.0)
Requirement already satisfied: charset-normalizer in ./.venv/lib/python3.13/site-packages (from reportlab->-r requirements.txt (line 4)) (3.4.3)
Requirement already satisfied: proxy_tools in ./.venv/lib/python3.13/site-packages (from pywebview[GTK]->-r requirements.txt (line 5)) (0.1.0)
Requirement already satisfied: bottle in ./.venv/lib/python3.13/site-packages (from pywebview[GTK]->-r requirements.txt (line 5)) (0.13.4)
Requirement already satisfied: typing_extensions in ./.venv/lib/python3.13/site-packages (from pywebview[GTK]->-r requirements.txt (line 5)) (4.15.0)
Requirement already satisfied: PyGObject==3.50.0 in ./.venv/lib/python3.13/site-packages (from pywebview[GTK]->-r requirements.txt (line 5)) (3.50.0)
Requirement already satisfied: PyGObject-stubs in ./.venv/lib/python3.13/site-packages (from pywebview[GTK]->-r requirements.txt (line 5)) (2.13.0)
Requirement already satisfied: pycairo>=1.16 in ./.venv/lib/python3.13/site-packages (from PyGObject==3.50.0->pywebview[GTK]->-r requirements.txt (line 5)) (1.28.0)
Requirement already satisfied: branca>=0.6.0 in ./.venv/lib/python3.13/site-packages (from folium->-r requirements.txt (line 6)) (0.8.1)
Requirement already satisfied: jinja2>=2.9 in ./.venv/lib/python3.13/site-packages (from folium->-r requirements.txt (line 6)) (3.1.6)
Requirement already satisfied: requests in ./.venv/lib/python3.13/site-packages (from folium->-r requirements.txt (line 6)) (2.32.5)
Requirement already satisfied: xyzservices in ./.venv/lib/python3.13/site-packages (from folium->-r requirements.txt (line 6)) (2025.4.0)
Requirement already satisfied: blinker>=1.9.0 in ./.venv/lib/python3.13/site-packages (from flask->-r requirements.txt (line 8)) (1.9.0)
Requirement already satisfied: click>=8.1.3 in ./.venv/lib/python3.13/site-packages (from flask->-r requirements.txt (line 8)) (8.3.0)
Requirement already satisfied: itsdangerous>=2.2.0 in ./.venv/lib/python3.13/site-packages (from flask->-r requirements.txt (line 8)) (2.2.0)
Requirement already satisfied: markupsafe>=2.1.1 in ./.venv/lib/python3.13/site-packages (from flask->-r requirements.txt (line 8)) (3.0.3)
Requirement already satisfied: werkzeug>=3.1.0 in ./.venv/lib/python3.13/site-packages (from flask->-r requirements.txt (line 8)) (3.1.3)
Requirement already satisfied: contourpy>=1.0.1 in ./.venv/lib/python3.13/site-packages (from matplotlib->-r requirements.txt (line 9)) (1.3.3)
Requirement already satisfied: cycler>=0.10 in ./.venv/lib/python3.13/site-packages (from matplotlib->-r requirements.txt (line 9)) (0.12.1)
Requirement already satisfied: fonttools>=4.22.0 in ./.venv/lib/python3.13/site-packages (from matplotlib->-r requirements.txt (line 9)) (4.60.1)
Requirement already satisfied: kiwisolver>=1.3.1 in ./.venv/lib/python3.13/site-packages (from matplotlib->-r requirements.txt (line 9)) (1.4.9)
Requirement already satisfied: packaging>=20.0 in ./.venv/lib/python3.13/site-packages (from matplotlib->-r requirements.txt (line 9)) (25.0)
Requirement already satisfied: pyparsing>=3 in ./.venv/lib/python3.13/site-packages (from matplotlib->-r requirements.txt (line 9)) (3.2.5)
Requirement already satisfied: six>=1.5 in ./.venv/lib/python3.13/site-packages (from python-dateutil>=2.8.2->pandas->-r requirements.txt (line 3)) (1.17.0)
Requirement already satisfied: idna<4,>=2.5 in ./.venv/lib/python3.13/site-packages (from requests->folium->-r requirements.txt (line 6)) (3.10)
Requirement already satisfied: urllib3<3,>=1.21.1 in ./.venv/lib/python3.13/site-packages (from requests->folium->-r requirements.txt (line 6)) (2.5.0)
Requirement already satisfied: certifi>=2017.4.17 in ./.venv/lib/python3.13/site-packages (from requests->folium->-r requirements.txt (line 6)) (2025.10.5)
[+] MySQL client found.
[+] MySQL service is running.
[*] Running SQL setup from setup.sql ...
--------------
CREATE TABLE ProjectDB (
    ID INT PRIMARY KEY AUTO_INCREMENT,
    startTime DATETIME NOT NULL,
    stopTime DATETIME,
    projectType VARCHAR(20) CHECK (projectType IN ('sniff_external', 'sniff_internal', 'heatmap'))
)
--------------

ERROR 1050 (42S01) at line 14: Table 'ProjectDB' already exists

[*] Checking network interfaces...
1: lo: <LOOPBACK,UP,LOWER_UP> mtu 65536 qdisc noqueue state UNKNOWN mode DEFAULT group default qlen 1000
    link/loopback 00:00:00:00:00:00 brd 00:00:00:00:00:00
2: eth0: <BROADCAST,MULTICAST,UP,LOWER_UP> mtu 1500 qdisc fq_codel state UP mode DEFAULT group default qlen 1000
    link/ether 00:0c:29:7b:e9:c4 brd ff:ff:ff:ff:ff:ff
3: docker0: <NO-CARRIER,BROADCAST,MULTICAST,UP> mtu 1500 qdisc noqueue state DOWN mode DEFAULT group default 
    link/ether 02:42:3c:64:62:f2 brd ff:ff:ff:ff:ff:ff
4: br-034f3551f963: <NO-CARRIER,BROADCAST,MULTICAST,UP> mtu 1500 qdisc noqueue state DOWN mode DEFAULT group default 
    link/ether 02:42:1e:6c:59:22 brd ff:ff:ff:ff:ff:ff
5: br-22f1c1128960: <NO-CARRIER,BROADCAST,MULTICAST,UP> mtu 1500 qdisc noqueue state DOWN mode DEFAULT group default 
    link/ether 02:42:05:58:b9:71 brd ff:ff:ff:ff:ff:ff
6: br-6ac09050e671: <NO-CARRIER,BROADCAST,MULTICAST,UP> mtu 1500 qdisc noqueue state DOWN mode DEFAULT group default 
    link/ether 02:42:d9:69:31:bb brd ff:ff:ff:ff:ff:ff
7: br-6beb009876a7: <NO-CARRIER,BROADCAST,MULTICAST,UP> mtu 1500 qdisc noqueue state DOWN mode DEFAULT group default 
    link/ether 02:42:d0:a6:c7:18 brd ff:ff:ff:ff:ff:ff
10: wlan0: <NO-CARRIER,BROADCAST,MULTICAST,UP> mtu 1500 qdisc noqueue state DOWN mode DORMANT group default qlen 1000
    link/ether da:2e:c9:25:88:f2 brd ff:ff:ff:ff:ff:ff permaddr 8c:55:2b:40:57:9a

[*] Checking monitor mode interfaces...
wlan0     IEEE 802.11  ESSID:off/any  

[*] Active Wi-Fi connections:
IN-USE  BSSID              SSID               MODE   CHAN  RATE        SIGNAL  BARS  SECURITY    
        D8:3A:DD:14:D7:8F  YFinder-WEBSERVER  Infra  1     65 Mbit/s   87      ▂▄▆█  WPA1        
        9C:1C:12:86:71:32  UTS-Guest          Infra  56    195 Mbit/s  82      ▂▄▆█  --          
        9C:1C:12:86:71:36  UTS-DeviceNet      Infra  56    195 Mbit/s  82      ▂▄▆█  --          
        9C:1C:12:86:71:42  UTS-Guest          Infra  11    195 Mbit/s  80      ▂▄▆_  --          
        9C:1C:12:86:71:24  UTS-WiFi           Infra  6     195 Mbit/s  77      ▂▄▆_  WPA2 802.1X 
        9C:1C:12:86:71:46  UTS-DeviceNet      Infra  11    195 Mbit/s  77      ▂▄▆_  --          
        9C:1C:12:86:71:40  UTS-DeviceNetNIVC  Infra  11    195 Mbit/s  77      ▂▄▆_  WPA2        
        9C:1C:12:86:71:44  UTS-WiFi           Infra  11    195 Mbit/s  75      ▂▄▆_  WPA2 802.1X 
        9C:1C:12:86:7F:E6  UTS-DeviceNet      Infra  1     195 Mbit/s  67      ▂▄▆_  --          
        9C:1C:12:86:71:22  UTS-Guest          Infra  6     195 Mbit/s  67      ▂▄▆_  --          
        9C:1C:12:86:71:20  UTS-DeviceNetNIVC  Infra  6     195 Mbit/s  67      ▂▄▆_  WPA2        
        9C:1C:12:86:7F:E2  eduroam            Infra  1     195 Mbit/s  65      ▂▄▆_  WPA2 802.1X 
        9C:1C:12:86:7F:E1  UTS-WiFi           Infra  1     195 Mbit/s  64      ▂▄▆_  WPA2 802.1X 
        9C:1C:12:86:7F:E0  UTS-DeviceNetNIVC  Infra  1     195 Mbit/s  64      ▂▄▆_  WPA2        
        9C:1C:12:86:72:01  eduroam            Infra  11    195 Mbit/s  64      ▂▄▆_  WPA2 802.1X 
        9C:1C:12:86:72:06  UTS-DeviceNet      Infra  11    195 Mbit/s  64      ▂▄▆_  --          
        9C:1C:12:86:7F:F3  UTS-Guest          Infra  108   195 Mbit/s  64      ▂▄▆_  --          
        9C:1C:12:86:7F:F6  UTS-DeviceNet      Infra  108   195 Mbit/s  64      ▂▄▆_  --          
        9C:1C:12:86:86:B2  UTS-Guest          Infra  116   195 Mbit/s  64      ▂▄▆_  --          
        9C:1C:12:86:86:B3  UTS-DeviceNet      Infra  116   195 Mbit/s  64      ▂▄▆_  --          
        9C:1C:12:86:70:71  UTS-WiFi           Infra  157   195 Mbit/s  64      ▂▄▆_  WPA2 802.1X 
        9C:1C:12:86:70:76  UTS-DeviceNet      Infra  157   195 Mbit/s  64      ▂▄▆_  --          
        9C:1C:12:86:83:A4  UTS-WiFi           Infra  1     195 Mbit/s  62      ▂▄▆_  WPA2 802.1X 
        9C:1C:12:86:70:73  UTS-Guest          Infra  157   195 Mbit/s  62      ▂▄▆_  --          
        9C:1C:12:86:70:70  UTS-DeviceNetNIVC  Infra  157   195 Mbit/s  62      ▂▄▆_  WPA2        
        9C:1C:12:86:71:26  UTS-DeviceNet      Infra  6     195 Mbit/s  60      ▂▄▆_  --          
        9C:1C:12:86:72:02  UTS-Guest          Infra  11    195 Mbit/s  60      ▂▄▆_  --          
        9C:1C:12:86:72:00  UTS-DeviceNetNIVC  Infra  11    195 Mbit/s  60      ▂▄▆_  WPA2        
        9C:1C:12:86:83:D0  UTS-DeviceNetNIVC  Infra  52    195 Mbit/s  59      ▂▄▆_  WPA2        
        9C:1C:12:86:83:D6  UTS-DeviceNet      Infra  52    195 Mbit/s  57      ▂▄▆_  --          
        9C:1C:12:86:83:A1  eduroam            Infra  1     195 Mbit/s  55      ▂▄__  WPA2 802.1X 
        9C:1C:12:86:70:62  eduroam            Infra  6     195 Mbit/s  55      ▂▄__  WPA2 802.1X 
        9C:1C:12:86:7F:E3  UTS-Guest          Infra  1     195 Mbit/s  54      ▂▄__  --          
        9C:1C:12:86:83:C2  UTS-Guest          Infra  1     195 Mbit/s  54      ▂▄__  --          
        9C:1C:12:86:69:C6  UTS-DeviceNet      Infra  11    195 Mbit/s  54      ▂▄__  --          
        9C:1C:12:86:55:D6  UTS-DeviceNet      Infra  40    195 Mbit/s  54      ▂▄__  --          
        9C:1C:12:86:55:D1  eduroam            Infra  40    195 Mbit/s  54      ▂▄__  WPA2 802.1X 
        9C:1C:12:86:5E:B1  eduroam            Infra  44    195 Mbit/s  54      ▂▄__  WPA2 802.1X 
        9C:1C:12:86:5D:70  UTS-DeviceNetNIVC  Infra  60    195 Mbit/s  54      ▂▄__  WPA2        
        9C:1C:12:86:5E:B6  UTS-DeviceNet      Infra  44    195 Mbit/s  52      ▂▄__  --          
        9C:1C:12:86:5E:B4  UTS-WiFi           Infra  44    195 Mbit/s  52      ▂▄__  WPA2 802.1X 
        9C:1C:12:86:83:B0  UTS-DeviceNetNIVC  Infra  48    195 Mbit/s  52      ▂▄__  WPA2        
        9C:1C:12:86:83:D1  eduroam            Infra  52    195 Mbit/s  52      ▂▄__  WPA2 802.1X 
        9C:1C:12:86:7B:54  UTS-WiFi           Infra  112   195 Mbit/s  52      ▂▄__  WPA2 802.1X 
        9C:1C:12:86:71:12  UTS-Guest          Infra  132   195 Mbit/s  52      ▂▄__  --          
        9C:1C:12:86:71:10  UTS-DeviceNetNIVC  Infra  132   195 Mbit/s  52      ▂▄__  WPA2        
        9C:1C:12:86:76:31  eduroam            Infra  153   195 Mbit/s  52      ▂▄__  WPA2 802.1X 
        9C:1C:12:86:83:C6  UTS-DeviceNet      Infra  1     195 Mbit/s  50      ▂▄__  --          
        34:98:B5:AE:13:B0  HAI_Office         Infra  8     270 Mbit/s  50      ▂▄__  WPA2        
        9C:1C:12:86:99:A6  UTS-DeviceNet      Infra  11    195 Mbit/s  50      ▂▄__  --          
        B4:5D:50:75:81:02  UTS-Guest          Infra  11    195 Mbit/s  50      ▂▄__  --          
        9C:1C:12:86:99:A4  UTS-WiFi           Infra  11    195 Mbit/s  50      ▂▄__  WPA2 802.1X 
        9C:1C:12:86:55:D0  UTS-DeviceNetNIVC  Infra  40    195 Mbit/s  50      ▂▄__  WPA2        
        9C:1C:12:86:55:D4  UTS-WiFi           Infra  40    195 Mbit/s  50      ▂▄__  WPA2 802.1X 
        9C:1C:12:86:83:D2  UTS-Guest          Infra  52    195 Mbit/s  50      ▂▄__  --          
        9C:1C:12:86:83:D4  UTS-WiFi           Infra  52    195 Mbit/s  50      ▂▄__  WPA2 802.1X 
        9C:1C:12:86:7B:52  UTS-Guest          Infra  112   195 Mbit/s  50      ▂▄__  --          
        9C:1C:12:86:7B:51  eduroam            Infra  112   195 Mbit/s  50      ▂▄__  WPA2 802.1X 
        9C:1C:12:86:71:11  eduroam            Infra  132   195 Mbit/s  50      ▂▄__  WPA2 802.1X 
        9C:1C:12:86:55:D2  UTS-Guest          Infra  40    195 Mbit/s  49      ▂▄__  --          
        9C:1C:12:86:5D:72  UTS-Guest          Infra  60    195 Mbit/s  49      ▂▄__  --          
        9C:1C:12:86:5D:74  UTS-WiFi           Infra  60    195 Mbit/s  49      ▂▄__  WPA2 802.1X 
        9C:1C:12:86:62:D3  UTS-Guest          Infra  140   195 Mbit/s  49      ▂▄__  --          
        9C:1C:12:86:5D:40  UTS-DeviceNetNIVC  Infra  6     195 Mbit/s  47      ▂▄__  WPA2        
        9C:1C:12:86:59:00  UTS-DeviceNetNIVC  Infra  11    195 Mbit/s  47      ▂▄__  WPA2        
        9C:1C:12:86:83:B2  UTS-Guest          Infra  48    195 Mbit/s  47      ▂▄__  --          
        9C:1C:12:86:83:B6  UTS-DeviceNet      Infra  48    195 Mbit/s  47      ▂▄__  --          
        9C:1C:12:86:83:B4  UTS-WiFi           Infra  48    195 Mbit/s  47      ▂▄__  WPA2 802.1X 
        9C:1C:12:86:7B:56  UTS-DeviceNet      Infra  112   195 Mbit/s  47      ▂▄__  --          
        9C:1C:12:86:71:16  UTS-DeviceNet      Infra  132   195 Mbit/s  47      ▂▄__  --          
        9C:1C:12:86:62:D6  UTS-DeviceNet      Infra  140   195 Mbit/s  47      ▂▄__  --          
        9C:1C:12:86:62:D1  UTS-WiFi           Infra  140   195 Mbit/s  47      ▂▄__  WPA2 802.1X 
        9C:1C:12:86:62:D0  UTS-DeviceNetNIVC  Infra  140   195 Mbit/s  45      ▂▄__  WPA2        
        9C:1C:12:86:5D:76  UTS-DeviceNet      Infra  60    195 Mbit/s  44      ▂▄__  --          
        9C:1C:12:86:97:96  UTS-DeviceNet      Infra  64    195 Mbit/s  44      ▂▄__  --          
        9C:1C:12:86:97:91  eduroam            Infra  64    195 Mbit/s  44      ▂▄__  WPA2 802.1X 
        9C:1C:12:86:97:94  UTS-WiFi           Infra  64    195 Mbit/s  44      ▂▄__  WPA2 802.1X 
        9C:1C:12:8F:C6:10  UTS-DeviceNetNIVC  Infra  136   195 Mbit/s  44      ▂▄__  WPA2        
        9C:1C:12:86:62:D2  eduroam            Infra  140   195 Mbit/s  44      ▂▄__  WPA2 802.1X 
        9C:1C:12:86:76:30  UTS-DeviceNetNIVC  Infra  153   195 Mbit/s  44      ▂▄__  WPA2        
        9C:1C:12:86:97:92  UTS-Guest          Infra  64    195 Mbit/s  42      ▂▄__  --          
        9C:1C:12:8F:C6:12  UTS-Guest          Infra  136   195 Mbit/s  42      ▂▄__  --          
        9C:1C:12:8F:C6:16  UTS-DeviceNet      Infra  136   195 Mbit/s  42      ▂▄__  --          
        9C:1C:12:8F:C6:11  eduroam            Infra  136   195 Mbit/s  42      ▂▄__  WPA2 802.1X 
        9C:1C:12:8F:C6:14  UTS-WiFi           Infra  136   195 Mbit/s  42      ▂▄__  WPA2 802.1X 
        A2:62:93:70:E2:88  --                 Infra  149   270 Mbit/s  42      ▂▄__  WPA2 WPA3   
        9C:1C:12:86:5D:66  UTS-DeviceNet      Infra  1     195 Mbit/s  40      ▂▄__  --          
        9C:1C:12:86:66:46  UTS-DeviceNet      Infra  6     195 Mbit/s  40      ▂▄__  --          
        9C:1C:12:86:5E:A2  UTS-Guest          Infra  6     195 Mbit/s  40      ▂▄__  --          
        9C:1C:12:86:5D:46  UTS-DeviceNet      Infra  6     195 Mbit/s  40      ▂▄__  --          
        9C:1C:12:86:69:C4  UTS-Guest          Infra  11    195 Mbit/s  40      ▂▄__  --          
        9C:1C:12:86:61:F6  UTS-DeviceNet      Infra  60    195 Mbit/s  40      ▂▄__  --          
        9C:1C:12:86:6C:12  UTS-Guest          Infra  64    195 Mbit/s  40      ▂▄__  --          
        9C:1C:12:86:5A:30  UTS-DeviceNetNIVC  Infra  104   195 Mbit/s  40      ▂▄__  WPA2        
        9C:1C:12:86:76:32  UTS-Guest          Infra  153   195 Mbit/s  40      ▂▄__  --          
        9C:1C:12:86:66:D6  UTS-DeviceNet      Infra  161   195 Mbit/s  40      ▂▄__  --          
        9C:1C:12:86:87:12  UTS-Guest          Infra  36    195 Mbit/s  39      ▂▄__  --          
        9C:1C:12:86:87:10  UTS-WiFi           Infra  36    195 Mbit/s  39      ▂▄__  WPA2 802.1X 
        9C:1C:12:86:87:11  eduroam            Infra  36    195 Mbit/s  39      ▂▄__  WPA2 802.1X 
        9C:1C:12:86:6C:16  UTS-DeviceNet      Infra  64    195 Mbit/s  39      ▂▄__  --          
        9C:1C:12:86:5B:F6  UTS-DeviceNet      Infra  132   195 Mbit/s  39      ▂▄__  --          
        16:84:6F:87:6D:18  Luci’s iPhone      Infra  149   270 Mbit/s  39      ▂▄__  WPA2 WPA3   
        9C:1C:12:86:76:36  UTS-DeviceNet      Infra  153   195 Mbit/s  39      ▂▄__  --          
        9C:1C:12:86:76:34  UTS-WiFi           Infra  153   195 Mbit/s  39      ▂▄__  WPA2 802.1X 
        9C:1C:12:86:5D:52  UTS-Guest          Infra  161   195 Mbit/s  39      ▂▄__  --          
        9C:1C:12:86:6A:A2  UTS-Guest          Infra  11    195 Mbit/s  37      ▂▄__  --          
        9C:1C:12:86:6A:A6  UTS-DeviceNet      Infra  11    195 Mbit/s  37      ▂▄__  --          
        9C:1C:12:86:87:13  UTS-DeviceNet      Infra  36    195 Mbit/s  37      ▂▄__  --          
        9C:1C:12:86:87:14  UTS-DeviceNetNIVC  Infra  36    195 Mbit/s  37      ▂▄__  WPA2        
        9C:1C:12:86:61:30  UTS-DeviceNetNIVC  Infra  36    195 Mbit/s  37      ▂▄__  WPA2        
        9C:1C:12:86:61:F0  UTS-DeviceNetNIVC  Infra  60    195 Mbit/s  37      ▂▄__  WPA2        
        9C:1C:12:86:6C:10  UTS-DeviceNetNIVC  Infra  64    195 Mbit/s  37      ▂▄__  WPA2        
        9C:1C:12:86:6C:11  eduroam            Infra  64    195 Mbit/s  37      ▂▄__  WPA2 802.1X 
        9C:1C:12:86:61:72  UTS-Guest          Infra  100   195 Mbit/s  37      ▂▄__  --          
        9C:1C:12:86:61:76  UTS-DeviceNet      Infra  100   195 Mbit/s  37      ▂▄__  --          
        9C:1C:12:86:61:74  UTS-WiFi           Infra  100   195 Mbit/s  37      ▂▄__  WPA2 802.1X 
        9C:1C:12:86:61:70  UTS-DeviceNetNIVC  Infra  100   195 Mbit/s  37      ▂▄__  WPA2        
        9C:1C:12:86:74:16  UTS-DeviceNet      Infra  104   195 Mbit/s  37      ▂▄__  --          
        9C:1C:12:86:74:10  UTS-DeviceNetNIVC  Infra  104   195 Mbit/s  37      ▂▄__  WPA2        
        9C:1C:12:86:74:11  eduroam            Infra  104   195 Mbit/s  37      ▂▄__  WPA2 802.1X 
        9C:1C:12:86:7E:52  UTS-Guest          Infra  112   195 Mbit/s  37      ▂▄__  --          
        9C:1C:12:86:7E:50  UTS-DeviceNetNIVC  Infra  112   195 Mbit/s  37      ▂▄__  WPA2        
        9C:1C:12:86:7E:51  eduroam            Infra  112   195 Mbit/s  37      ▂▄__  WPA2 802.1X 
        9C:1C:12:8F:B9:52  UTS-Guest          Infra  136   195 Mbit/s  37      ▂▄__  --          
        9C:1C:12:8F:B9:50  UTS-DeviceNetNIVC  Infra  136   195 Mbit/s  37      ▂▄__  WPA2        
        6A:15:9E:BB:A9:BB  --                 Infra  149   270 Mbit/s  37      ▂▄__  WPA2 WPA3   
        9C:1C:12:86:5D:56  UTS-DeviceNet      Infra  161   195 Mbit/s  37      ▂▄__  --          
        9C:1C:12:86:5D:50  UTS-DeviceNetNIVC  Infra  161   195 Mbit/s  37      ▂▄__  WPA2        
        9C:1C:12:86:61:31  eduroam            Infra  36    195 Mbit/s  35      ▂▄__  WPA2 802.1X 
        9C:1C:12:86:99:B0  UTS-DeviceNetNIVC  Infra  60    195 Mbit/s  35      ▂▄__  WPA2        
        9C:1C:12:86:99:B1  eduroam            Infra  60    195 Mbit/s  35      ▂▄__  WPA2 802.1X 
        9C:1C:12:86:61:71  eduroam            Infra  100   195 Mbit/s  35      ▂▄__  WPA2 802.1X 
        9C:1C:12:86:74:12  UTS-Guest          Infra  104   195 Mbit/s  35      ▂▄__  --          
        9C:1C:12:86:74:14  UTS-WiFi           Infra  104   195 Mbit/s  35      ▂▄__  WPA2 802.1X 
        B4:5D:50:75:81:10  UTS-DeviceNet      Infra  108   195 Mbit/s  35      ▂▄__  --          
        9C:1C:12:86:8C:D3  UTS-DeviceNet      Infra  112   195 Mbit/s  35      ▂▄__  --          
        F6:92:92:D8:FC:AA  --                 Infra  149   270 Mbit/s  35      ▂▄__  WPA2 WPA3   
        9C:1C:12:86:78:36  UTS-DeviceNet      Infra  149   195 Mbit/s  35      ▂▄__  --          
        9C:1C:12:86:78:34  UTS-WiFi           Infra  149   195 Mbit/s  35      ▂▄__  WPA2 802.1X 
        9C:1C:12:86:5D:54  UTS-WiFi           Infra  161   195 Mbit/s  35      ▂▄__  WPA2 802.1X 
        9C:1C:12:86:61:34  UTS-WiFi           Infra  36    195 Mbit/s  34      ▂▄__  WPA2 802.1X 
        9C:1C:12:86:9C:36  UTS-DeviceNet      Infra  40    195 Mbit/s  34      ▂▄__  --          
        9C:1C:12:86:9C:31  eduroam            Infra  40    195 Mbit/s  34      ▂▄__  WPA2 802.1X 
        9C:1C:12:86:9C:34  UTS-WiFi           Infra  40    195 Mbit/s  34      ▂▄__  WPA2 802.1X 
        9C:1C:12:86:6C:94  UTS-WiFi           Infra  44    195 Mbit/s  34      ▂▄__  WPA2 802.1X 
        9C:1C:12:86:99:B2  UTS-Guest          Infra  60    195 Mbit/s  34      ▂▄__  --          
        9C:1C:12:86:99:B6  UTS-DeviceNet      Infra  60    195 Mbit/s  34      ▂▄__  --          
        9C:1C:12:86:84:36  UTS-DeviceNet      Infra  116   195 Mbit/s  34      ▂▄__  --          
        9C:1C:12:8F:B9:56  UTS-DeviceNet      Infra  136   195 Mbit/s  34      ▂▄__  --          
        9C:1C:12:86:59:14  UTS-Guest          Infra  136   195 Mbit/s  34      ▂▄__  --          
        9C:1C:12:86:59:16  UTS-DeviceNet      Infra  136   195 Mbit/s  34      ▂▄__  --          
        9C:1C:12:8F:B9:51  eduroam            Infra  136   195 Mbit/s  34      ▂▄__  WPA2 802.1X 
        9C:1C:12:8F:B9:54  UTS-WiFi           Infra  136   195 Mbit/s  34      ▂▄__  WPA2 802.1X 
        9C:1C:12:86:59:10  UTS-DeviceNetNIVC  Infra  136   195 Mbit/s  34      ▂▄__  WPA2        
        9C:1C:12:86:59:12  eduroam            Infra  136   195 Mbit/s  34      ▂▄__  WPA2 802.1X 
        9C:1C:12:86:78:32  UTS-Guest          Infra  149   195 Mbit/s  34      ▂▄__  --          
        9C:1C:12:86:78:30  UTS-DeviceNetNIVC  Infra  149   195 Mbit/s  34      ▂▄__  WPA2        
        9C:1C:12:86:78:31  eduroam            Infra  149   195 Mbit/s  34      ▂▄__  WPA2 802.1X 
        9C:1C:12:86:5D:51  eduroam            Infra  161   195 Mbit/s  34      ▂▄__  WPA2 802.1X 
        9C:1C:12:86:61:36  UTS-DeviceNet      Infra  36    195 Mbit/s  32      ▂▄__  --          
        9C:1C:12:86:61:32  UTS-Guest          Infra  36    195 Mbit/s  32      ▂▄__  --          
        9C:1C:12:86:9C:30  UTS-DeviceNetNIVC  Infra  40    195 Mbit/s  32      ▂▄__  WPA2        
        9C:1C:12:86:73:70  UTS-DeviceNetNIVC  Infra  48    195 Mbit/s  32      ▂▄__  WPA2        
        9C:1C:12:86:84:30  UTS-DeviceNetNIVC  Infra  116   195 Mbit/s  32      ▂▄__  WPA2        
        9C:1C:12:86:84:31  eduroam            Infra  116   195 Mbit/s  32      ▂▄__  WPA2 802.1X 
        9C:1C:12:86:84:34  UTS-WiFi           Infra  116   195 Mbit/s  32      ▂▄__  WPA2 802.1X 
        9C:1C:12:86:59:11  UTS-WiFi           Infra  136   195 Mbit/s  32      ▂▄__  WPA2 802.1X 
        B4:5D:50:75:6F:F1  eduroam            Infra  149   195 Mbit/s  32      ▂▄__  WPA2 802.1X 
        9C:1C:12:86:71:06  UTS-DeviceNet      Infra  1     195 Mbit/s  30      ▂___  --          
        9C:1C:12:86:71:02  UTS-Guest          Infra  1     195 Mbit/s  30      ▂___  --          
        9C:1C:12:86:55:C0  UTS-DeviceNetNIVC  Infra  11    195 Mbit/s  30      ▂___  WPA2        
        9C:1C:12:86:99:A2  UTS-Guest          Infra  11    195 Mbit/s  30      ▂___  --          
        9C:1C:12:86:99:B4  UTS-WiFi           Infra  60    195 Mbit/s  30      ▂___  WPA2 802.1X 
        9C:1C:12:86:8C:D1  eduroam            Infra  112   195 Mbit/s  30      ▂___  WPA2 802.1X 
        70:3A:0E:43:3B:36  UTS-DeviceNet      Infra  116   195 Mbit/s  30      ▂___  --          
        9C:1C:12:86:84:32  UTS-Guest          Infra  116   195 Mbit/s  30      ▂___  --          
        9C:1C:12:86:9B:30  UTS-DeviceNetNIVC  Infra  116   195 Mbit/s  30      ▂___  WPA2        
        9C:1C:12:86:9B:31  UTS-WiFi           Infra  116   195 Mbit/s  30      ▂___  WPA2 802.1X 
        9C:1C:12:86:9B:32  eduroam            Infra  116   195 Mbit/s  30      ▂___  WPA2 802.1X 
        70:3A:0E:43:3B:32  UTS-Guest          Infra  116   195 Mbit/s  29      ▂___  --          
        70:3A:0E:43:3B:30  UTS-DeviceNetNIVC  Infra  116   195 Mbit/s  29      ▂___  WPA2        
        9C:1C:12:86:66:70  UTS-DeviceNetNIVC  Infra  136   195 Mbit/s  29      ▂___  WPA2        
        9C:1C:12:86:8C:D0  UTS-WiFi           Infra  112   195 Mbit/s  27      ▂___  WPA2 802.1X 
        9C:1C:12:86:8C:D2  UTS-Guest          Infra  112   195 Mbit/s  27      ▂___  --          
        70:3A:0E:43:3B:34  UTS-WiFi           Infra  116   195 Mbit/s  27      ▂___  WPA2 802.1X 
        9C:1C:12:86:66:74  UTS-WiFi           Infra  136   195 Mbit/s  27      ▂___  WPA2 802.1X 
        9C:1C:12:86:66:72  UTS-Guest          Infra  136   195 Mbit/s  27      ▂___  --          
        9C:1C:12:86:66:76  UTS-DeviceNet      Infra  136   195 Mbit/s  27      ▂___  --          
        9C:1C:12:86:8C:D4  UTS-DeviceNetNIVC  Infra  112   195 Mbit/s  25      ▂___  WPA2        
        B4:5D:50:75:6F:F2  UTS-Guest          Infra  149   195 Mbit/s  25      ▂___  --          
        B4:5D:50:75:6F:F0  UTS-DeviceNet      Infra  149   195 Mbit/s  24      ▂___  --          
        3C:52:A1:0F:22:69  CSI_5G             Infra  153   135 Mbit/s  24      ▂___  WPA2        
        9C:1C:12:86:80:52  UTS-Guest          Infra  153   195 Mbit/s  20      ▂___  --          
        9C:1C:12:86:66:71  eduroam            Infra  136   195 Mbit/s  19      ▂___  WPA2 802.1X 
        9C:1C:12:86:77:16  UTS-DeviceNet      Infra  64    195 Mbit/s  17      ▂___  --          
        9C:1C:12:86:93:B0  UTS-DeviceNetNIVC  Infra  136   195 Mbit/s  17      ▂___  WPA2        
        9C:1C:12:86:93:B1  eduroam            Infra  136   195 Mbit/s  17      ▂___  WPA2 802.1X 
        9C:1C:12:86:93:B6  UTS-DeviceNet      Infra  136   195 Mbit/s  17      ▂___  --          
        9C:1C:12:86:80:56  UTS-DeviceNet      Infra  153   195 Mbit/s  17      ▂___  --          
        9C:1C:12:86:8E:B1  eduroam            Infra  64    195 Mbit/s  14      ▂___  WPA2 802.1X 

===== Initialization completed at Wed Oct 15 10:01:21 PM EDT 2025 =====


[*] Starting web UI: ./app/app.py in background...
[+] Web UI started successfully (PID: 3145)
[+] Scanner started successfully (PID: 3148)

[*] Running Python script: ./app/app.py
