
===== Initialization started at Sun Oct  5 10:02:19 PM EDT 2025 =====

[+] Running with root privileges.
[*] Script executed by: kali
[+] Python found: Python 3.13.3
[+] Python version >= 3.8 OK
[+] Virtual environment already exists (.venv)
[*] Activating virtual environment...
[*] Upgrading pip inside venv...
Requirement already satisfied: pip in ./.venv/lib/python3.13/site-packages (25.2)
[*] Installing Python dependencies from requirements.txt ...
Requirement already satisfied: scapy in ./.venv/lib/python3.13/site-packages (from -r requirements.txt (line 1)) (2.6.1)
Requirement already satisfied: mysql-connector-python in ./.venv/lib/python3.13/site-packages (from -r requirements.txt (line 2)) (9.4.0)
Requirement already satisfied: pandas in ./.venv/lib/python3.13/site-packages (from -r requirements.txt (line 3)) (2.3.3)
Requirement already satisfied: reportlab in ./.venv/lib/python3.13/site-packages (from -r requirements.txt (line 4)) (4.4.4)
Requirement already satisfied: numpy>=1.26.0 in ./.venv/lib/python3.13/site-packages (from pandas->-r requirements.txt (line 3)) (2.3.3)
Requirement already satisfied: python-dateutil>=2.8.2 in ./.venv/lib/python3.13/site-packages (from pandas->-r requirements.txt (line 3)) (2.9.0.post0)
Requirement already satisfied: pytz>=2020.1 in ./.venv/lib/python3.13/site-packages (from pandas->-r requirements.txt (line 3)) (2025.2)
Requirement already satisfied: tzdata>=2022.7 in ./.venv/lib/python3.13/site-packages (from pandas->-r requirements.txt (line 3)) (2025.2)
Requirement already satisfied: pillow>=9.0.0 in ./.venv/lib/python3.13/site-packages (from reportlab->-r requirements.txt (line 4)) (11.3.0)
Requirement already satisfied: charset-normalizer in ./.venv/lib/python3.13/site-packages (from reportlab->-r requirements.txt (line 4)) (3.4.3)
Requirement already satisfied: six>=1.5 in ./.venv/lib/python3.13/site-packages (from python-dateutil>=2.8.2->pandas->-r requirements.txt (line 3)) (1.17.0)
[+] MySQL client found.
[+] MySQL service is running.
[*] Running SQL setup from setup.sql ...
--------------
CREATE TABLE ProjectDB (
    ID INT PRIMARY KEY AUTO_INCREMENT,
    startTime DATETIME NOT NULL,
    stopTime DATETIME,
    projectType VARCHAR(20) CHECK (projectType IN ('sniff_external', 'sniff_internal', 'heatmap'))
)
--------------

ERROR 1050 (42S01) at line 14: Table 'ProjectDB' already exists

[*] Checking network interfaces...
1: lo: <LOOPBACK,UP,LOWER_UP> mtu 65536 qdisc noqueue state UNKNOWN mode DEFAULT group default qlen 1000
    link/loopback 00:00:00:00:00:00 brd 00:00:00:00:00:00
2: eth0: <BROADCAST,MULTICAST,UP,LOWER_UP> mtu 1500 qdisc fq_codel state UP mode DEFAULT group default qlen 1000
    link/ether 00:0c:29:7b:e9:c4 brd ff:ff:ff:ff:ff:ff
3: br-6beb009876a7: <NO-CARRIER,BROADCAST,MULTICAST,UP> mtu 1500 qdisc noqueue state DOWN mode DEFAULT group default 
    link/ether 02:42:15:2d:70:96 brd ff:ff:ff:ff:ff:ff
4: br-034f3551f963: <NO-CARRIER,BROADCAST,MULTICAST,UP> mtu 1500 qdisc noqueue state DOWN mode DEFAULT group default 
    link/ether 02:42:9c:9d:45:a3 brd ff:ff:ff:ff:ff:ff
5: br-22f1c1128960: <NO-CARRIER,BROADCAST,MULTICAST,UP> mtu 1500 qdisc noqueue state DOWN mode DEFAULT group default 
    link/ether 02:42:76:b0:c2:cd brd ff:ff:ff:ff:ff:ff
6: docker0: <NO-CARRIER,BROADCAST,MULTICAST,UP> mtu 1500 qdisc noqueue state DOWN mode DEFAULT group default 
    link/ether 02:42:bb:b1:2a:15 brd ff:ff:ff:ff:ff:ff
7: br-6ac09050e671: <NO-CARRIER,BROADCAST,MULTICAST,UP> mtu 1500 qdisc noqueue state DOWN mode DEFAULT group default 
    link/ether 02:42:e5:20:5d:9b brd ff:ff:ff:ff:ff:ff

[*] Checking monitor mode interfaces...

[*] Active Wi-Fi connections:

===== Initialization completed at Sun Oct  5 10:02:20 PM EDT 2025 =====


[*] Running Python script: main.py
