
===== Initialization started at Mon Oct 13 03:44:35 AM EDT 2025 =====

[+] Running with root privileges.

[*] Installing required system packages...

WARNING: apt does not have a stable CLI interface. Use with caution in scripts.

Reading package lists...
Building dependency tree...
Reading state information...
python3-gi is already the newest version (3.50.0-7).
python3-gi-cairo is already the newest version (3.50.0-7).
gir1.2-gtk-3.0 is already the newest version (3.24.50-2).
libgirepository1.0-dev is already the newest version (1.86.0-5).
libcairo2-dev is already the newest version (1.18.4-1+b1).
pkg-config is already the newest version (1.8.1-4).
python3-dev is already the newest version (3.13.5-1).
libgtk-3-dev is already the newest version (3.24.50-2).
build-essential is already the newest version (12.12).
libwebkit2gtk-4.1-dev is already the newest version (2.50.0-2).
gir1.2-webkit2-4.1 is already the newest version (2.50.0-2).
libopenblas-dev is already the newest version (0.3.29+ds-3).
The following package was automatically installed and is no longer required:
  libjxl0.10
Use 'sudo apt autoremove' to remove it.

Summary:
  Upgrading: 0, Installing: 0, Removing: 0, Not Upgrading: 1122
[+] System packages installed successfully.
[*] Script executed by: kali
[+] Python found: Python 3.13.7
[+] Python version >= 3.8 OK
[+] Virtual environment already exists (.venv)
[*] Activating virtual environment...
[*] Upgrading pip inside venv...
Requirement already satisfied: pip in ./.venv/lib/python3.13/site-packages (25.2)
[*] Installing Python dependencies from requirements.txt ...
Requirement already satisfied: scapy in ./.venv/lib/python3.13/site-packages (from -r requirements.txt (line 1)) (2.6.1)
Requirement already satisfied: mysql-connector-python in ./.venv/lib/python3.13/site-packages (from -r requirements.txt (line 2)) (9.4.0)
Requirement already satisfied: pandas in ./.venv/lib/python3.13/site-packages (from -r requirements.txt (line 3)) (2.3.3)
Requirement already satisfied: reportlab in ./.venv/lib/python3.13/site-packages (from -r requirements.txt (line 4)) (4.4.4)
Requirement already satisfied: folium in ./.venv/lib/python3.13/site-packages (from -r requirements.txt (line 6)) (0.20.0)
Requirement already satisfied: numpy in ./.venv/lib/python3.13/site-packages (from -r requirements.txt (line 7)) (2.3.3)
Requirement already satisfied: flask in ./.venv/lib/python3.13/site-packages (from -r requirements.txt (line 8)) (3.1.2)
Requirement already satisfied: matplotlib in ./.venv/lib/python3.13/site-packages (from -r requirements.txt (line 9)) (3.10.7)
Requirement already satisfied: pywebview[GTK] in ./.venv/lib/python3.13/site-packages (from -r requirements.txt (line 5)) (6.0)
Requirement already satisfied: python-dateutil>=2.8.2 in ./.venv/lib/python3.13/site-packages (from pandas->-r requirements.txt (line 3)) (2.9.0.post0)
Requirement already satisfied: pytz>=2020.1 in ./.venv/lib/python3.13/site-packages (from pandas->-r requirements.txt (line 3)) (2025.2)
Requirement already satisfied: tzdata>=2022.7 in ./.venv/lib/python3.13/site-packages (from pandas->-r requirements.txt (line 3)) (2025.2)
Requirement already satisfied: pillow>=9.0.0 in ./.venv/lib/python3.13/site-packages (from reportlab->-r requirements.txt (line 4)) (11.3.0)
Requirement already satisfied: charset-normalizer in ./.venv/lib/python3.13/site-packages (from reportlab->-r requirements.txt (line 4)) (3.4.3)
Requirement already satisfied: proxy_tools in ./.venv/lib/python3.13/site-packages (from pywebview[GTK]->-r requirements.txt (line 5)) (0.1.0)
Requirement already satisfied: bottle in ./.venv/lib/python3.13/site-packages (from pywebview[GTK]->-r requirements.txt (line 5)) (0.13.4)
Requirement already satisfied: typing_extensions in ./.venv/lib/python3.13/site-packages (from pywebview[GTK]->-r requirements.txt (line 5)) (4.15.0)
Requirement already satisfied: PyGObject==3.50.0 in ./.venv/lib/python3.13/site-packages (from pywebview[GTK]->-r requirements.txt (line 5)) (3.50.0)
Requirement already satisfied: PyGObject-stubs in ./.venv/lib/python3.13/site-packages (from pywebview[GTK]->-r requirements.txt (line 5)) (2.13.0)
Requirement already satisfied: pycairo>=1.16 in ./.venv/lib/python3.13/site-packages (from PyGObject==3.50.0->pywebview[GTK]->-r requirements.txt (line 5)) (1.28.0)
Requirement already satisfied: branca>=0.6.0 in ./.venv/lib/python3.13/site-packages (from folium->-r requirements.txt (line 6)) (0.8.1)
Requirement already satisfied: jinja2>=2.9 in ./.venv/lib/python3.13/site-packages (from folium->-r requirements.txt (line 6)) (3.1.6)
Requirement already satisfied: requests in ./.venv/lib/python3.13/site-packages (from folium->-r requirements.txt (line 6)) (2.32.5)
Requirement already satisfied: xyzservices in ./.venv/lib/python3.13/site-packages (from folium->-r requirements.txt (line 6)) (2025.4.0)
Requirement already satisfied: blinker>=1.9.0 in ./.venv/lib/python3.13/site-packages (from flask->-r requirements.txt (line 8)) (1.9.0)
Requirement already satisfied: click>=8.1.3 in ./.venv/lib/python3.13/site-packages (from flask->-r requirements.txt (line 8)) (8.3.0)
Requirement already satisfied: itsdangerous>=2.2.0 in ./.venv/lib/python3.13/site-packages (from flask->-r requirements.txt (line 8)) (2.2.0)
Requirement already satisfied: markupsafe>=2.1.1 in ./.venv/lib/python3.13/site-packages (from flask->-r requirements.txt (line 8)) (3.0.3)
Requirement already satisfied: werkzeug>=3.1.0 in ./.venv/lib/python3.13/site-packages (from flask->-r requirements.txt (line 8)) (3.1.3)
Requirement already satisfied: contourpy>=1.0.1 in ./.venv/lib/python3.13/site-packages (from matplotlib->-r requirements.txt (line 9)) (1.3.3)
Requirement already satisfied: cycler>=0.10 in ./.venv/lib/python3.13/site-packages (from matplotlib->-r requirements.txt (line 9)) (0.12.1)
Requirement already satisfied: fonttools>=4.22.0 in ./.venv/lib/python3.13/site-packages (from matplotlib->-r requirements.txt (line 9)) (4.60.1)
Requirement already satisfied: kiwisolver>=1.3.1 in ./.venv/lib/python3.13/site-packages (from matplotlib->-r requirements.txt (line 9)) (1.4.9)
Requirement already satisfied: packaging>=20.0 in ./.venv/lib/python3.13/site-packages (from matplotlib->-r requirements.txt (line 9)) (25.0)
Requirement already satisfied: pyparsing>=3 in ./.venv/lib/python3.13/site-packages (from matplotlib->-r requirements.txt (line 9)) (3.2.5)
Requirement already satisfied: six>=1.5 in ./.venv/lib/python3.13/site-packages (from python-dateutil>=2.8.2->pandas->-r requirements.txt (line 3)) (1.17.0)
Requirement already satisfied: idna<4,>=2.5 in ./.venv/lib/python3.13/site-packages (from requests->folium->-r requirements.txt (line 6)) (3.10)
Requirement already satisfied: urllib3<3,>=1.21.1 in ./.venv/lib/python3.13/site-packages (from requests->folium->-r requirements.txt (line 6)) (2.5.0)
Requirement already satisfied: certifi>=2017.4.17 in ./.venv/lib/python3.13/site-packages (from requests->folium->-r requirements.txt (line 6)) (2025.10.5)
[+] MySQL client found.
[+] MySQL service is running.
[*] Running SQL setup from setup.sql ...
--------------
CREATE TABLE ProjectDB (
    ID INT PRIMARY KEY AUTO_INCREMENT,
    startTime DATETIME NOT NULL,
    stopTime DATETIME,
    projectType VARCHAR(20) CHECK (projectType IN ('sniff_external', 'sniff_internal', 'heatmap'))
)
--------------

ERROR 1050 (42S01) at line 14: Table 'ProjectDB' already exists

[*] Checking network interfaces...
1: lo: <LOOPBACK,UP,LOWER_UP> mtu 65536 qdisc noqueue state UNKNOWN mode DEFAULT group default qlen 1000
    link/loopback 00:00:00:00:00:00 brd 00:00:00:00:00:00
2: eth0: <BROADCAST,MULTICAST,UP,LOWER_UP> mtu 1500 qdisc fq_codel state UP mode DEFAULT group default qlen 1000
    link/ether 00:0c:29:7b:e9:c4 brd ff:ff:ff:ff:ff:ff
3: br-6ac09050e671: <NO-CARRIER,BROADCAST,MULTICAST,UP> mtu 1500 qdisc noqueue state DOWN mode DEFAULT group default 
    link/ether 02:42:b3:df:1c:67 brd ff:ff:ff:ff:ff:ff
4: br-6beb009876a7: <NO-CARRIER,BROADCAST,MULTICAST,UP> mtu 1500 qdisc noqueue state DOWN mode DEFAULT group default 
    link/ether 02:42:8b:66:87:ba brd ff:ff:ff:ff:ff:ff
5: docker0: <NO-CARRIER,BROADCAST,MULTICAST,UP> mtu 1500 qdisc noqueue state DOWN mode DEFAULT group default 
    link/ether 02:42:56:b9:ff:73 brd ff:ff:ff:ff:ff:ff
6: br-034f3551f963: <NO-CARRIER,BROADCAST,MULTICAST,UP> mtu 1500 qdisc noqueue state DOWN mode DEFAULT group default 
    link/ether 02:42:60:8f:fd:d1 brd ff:ff:ff:ff:ff:ff
7: br-22f1c1128960: <NO-CARRIER,BROADCAST,MULTICAST,UP> mtu 1500 qdisc noqueue state DOWN mode DEFAULT group default 
    link/ether 02:42:3e:39:3b:21 brd ff:ff:ff:ff:ff:ff

[*] Checking monitor mode interfaces...

[*] Active Wi-Fi connections:

===== Initialization completed at Mon Oct 13 03:44:36 AM EDT 2025 =====


[*] Starting web UI: ./app/app.py in background...
[+] Web UI started successfully (PID: 23449)

[*] Running Python script: ./app/app.py
/home/kali/Documents/Capstone/main/Main_Project_Repo/.venv/bin/python3: can't find '__main__' module in '/home/kali/Documents/Capstone/main/Main_Project_Repo'
